TN:
SF:/home/cherrling/code/Lab1-2022112266/lab3/src/lab1.cpp
FNL:0,137,163
FNA:0,18,_ZN13DirectedGraph15findBridgeWordsERKNSt7__cxx1112basic_stringIcSt11char_traitsIcESaIcEEES7_
FNL:1,19,19
FNA:1,414,_ZN4EdgeC2ERKNSt7__cxx1112basic_stringIcSt11char_traitsIcESaIcEEEi
FNL:2,252,319
FNA:2,21,_ZN13DirectedGraph16findShortestPathERKNSt7__cxx1112basic_stringIcSt11char_traitsIcESaIcEEES7_
FNL:3,26,26
FNA:3,9,_ZN8PathInfoC2Ev
FNL:4,28,28
FNA:4,12,_ZN8PathInfoC2EiRKSt6vectorINSt7__cxx1112basic_stringIcSt11char_traitsIcESaIcEEESaIS6_EE
FNL:5,32,37
FNA:5,0,_Z7toLowerRKNSt7__cxx1112basic_stringIcSt11char_traitsIcESaIcEEE
FNL:6,35,35
FNA:6,0,_ZZ7toLowerRKNSt7__cxx1112basic_stringIcSt11char_traitsIcESaIcEEEENKUlhE_clEh
FNL:7,44,56
FNA:7,506,_ZN13DirectedGraph7addEdgeERKNSt7__cxx1112basic_stringIcSt11char_traitsIcESaIcEEES7_
FNL:8,59,85
FNA:8,3,_ZN13DirectedGraph10printGraphEv
FNF:9
FNH:7
DA:19,414
DA:26,9
DA:28,12
DA:32,0
DA:33,0
DA:34,0
DA:35,0
DA:36,0
DA:44,506
DA:46,1116
DA:47,196
DA:49,92
DA:50,92
DA:54,414
DA:55,414
DA:59,3
DA:60,6
DA:61,3
DA:62,6
DA:64,27
DA:65,24
DA:67,24
DA:68,6
DA:70,18
DA:71,63
DA:72,27
DA:73,9
DA:76,27
DA:77,27
DA:78,27
DA:79,27
DA:81,72
DA:84,6
DA:85,3
DA:137,18
DA:138,18
DA:141,30
DA:142,30
DA:143,8
DA:147,32
DA:148,12
DA:151,12
DA:152,32
DA:153,14
DA:155,6
DA:156,6
DA:160,12
DA:162,10
DA:163,0
DA:252,21
DA:254,39
DA:255,39
DA:256,6
DA:260,15
DA:261,15
DA:262,15
DA:264,147
DA:265,132
DA:266,132
DA:270,15
DA:275,45
DA:276,45
DA:278,438
DA:279,393
DA:280,48
DA:281,48
DA:286,45
DA:289,30
DA:292,99
DA:293,39
DA:295,39
DA:296,30
DA:297,30
DA:300,75
DA:303,15
DA:304,3
DA:308,12
DA:309,30
DA:310,18
DA:311,12
DA:312,12
DA:316,12
DA:318,12
DA:319,15
LF:84
LH:78
end_of_record
TN:
SF:/home/cherrling/code/Lab1-2022112266/lab3/test/test_bridge_words.cpp
FNL:0,109,123
FNA:0,2,_ZN39BridgeWordsTest_CyclicGraphBridges_Test8TestBodyEv
FNA:0,2,_ZN39BridgeWordsTest_CyclicGraphBridges_TestC2Ev
FNA:0,2,_ZN39BridgeWordsTest_CyclicGraphBridges_TestD0Ev
FNA:0,2,_ZN39BridgeWordsTest_CyclicGraphBridges_TestD2Ev
FNL:1,126,137
FNA:1,2,_ZN41BridgeWordsTest_SameWordNoDirectLoop_Test8TestBodyEv
FNA:1,2,_ZN41BridgeWordsTest_SameWordNoDirectLoop_TestC2Ev
FNA:1,2,_ZN41BridgeWordsTest_SameWordNoDirectLoop_TestD0Ev
FNA:1,2,_ZN41BridgeWordsTest_SameWordNoDirectLoop_TestD2Ev
FNL:2,140,156
FNA:2,2,_ZN37BridgeWordsTest_EdgeWeightImpact_Test8TestBodyEv
FNA:2,2,_ZN37BridgeWordsTest_EdgeWeightImpact_TestC2Ev
FNA:2,2,_ZN37BridgeWordsTest_EdgeWeightImpact_TestD0Ev
FNA:2,2,_ZN37BridgeWordsTest_EdgeWeightImpact_TestD2Ev
FNL:3,160,163
FNA:3,2,main
FNL:4,19,48
FNA:4,14,_ZN15BridgeWordsTest5SetUpEv
FNL:5,55,58
FNA:5,2,_ZN31BridgeWordsTest_EmptyGraph_Test8TestBodyEv
FNA:5,2,_ZN31BridgeWordsTest_EmptyGraph_TestC2Ev
FNA:5,2,_ZN31BridgeWordsTest_EmptyGraph_TestD0Ev
FNA:5,2,_ZN31BridgeWordsTest_EmptyGraph_TestD2Ev
FNL:6,61,75
FNA:6,2,_ZN46BridgeWordsTest_SimpleGraphExistingBridge_Test8TestBodyEv
FNA:6,2,_ZN46BridgeWordsTest_SimpleGraphExistingBridge_TestC2Ev
FNA:6,2,_ZN46BridgeWordsTest_SimpleGraphExistingBridge_TestD0Ev
FNA:6,2,_ZN46BridgeWordsTest_SimpleGraphExistingBridge_TestD2Ev
FNL:7,78,86
FNA:7,2,_ZN49BridgeWordsTest_SimpleGraphNonExistingBridge_Test8TestBodyEv
FNA:7,2,_ZN49BridgeWordsTest_SimpleGraphNonExistingBridge_TestC2Ev
FNA:7,2,_ZN49BridgeWordsTest_SimpleGraphNonExistingBridge_TestD0Ev
FNA:7,2,_ZN49BridgeWordsTest_SimpleGraphNonExistingBridge_TestD2Ev
FNL:8,89,106
FNA:8,2,_ZN35BridgeWordsTest_WordNotInGraph_Test8TestBodyEv
FNA:8,2,_ZN35BridgeWordsTest_WordNotInGraph_TestC2Ev
FNA:8,2,_ZN35BridgeWordsTest_WordNotInGraph_TestD0Ev
FNA:8,2,_ZN35BridgeWordsTest_WordNotInGraph_TestD2Ev
FNF:9
FNH:9
DA:19,14
DA:21,56
DA:22,56
DA:30,56
DA:31,56
DA:32,56
DA:33,56
DA:34,56
DA:35,56
DA:42,56
DA:43,56
DA:44,56
DA:45,56
DA:46,56
DA:47,56
DA:48,14
DA:55,8
DA:56,8
DA:57,2
DA:58,2
DA:61,8
DA:62,2
DA:65,8
DA:66,8
DA:67,8
DA:68,4
DA:69,2
DA:70,2
DA:71,2
DA:72,2
DA:73,2
DA:75,2
DA:78,8
DA:79,2
DA:82,8
DA:83,8
DA:84,6
DA:85,2
DA:86,2
DA:89,8
DA:90,2
DA:93,8
DA:94,8
DA:96,6
DA:97,2
DA:100,8
DA:101,2
DA:104,8
DA:105,2
DA:106,2
DA:109,8
DA:110,2
DA:111,8
DA:112,8
DA:113,8
DA:114,8
DA:115,8
DA:116,8
DA:118,6
DA:119,2
DA:120,2
DA:121,2
DA:123,2
DA:126,8
DA:127,2
DA:128,8
DA:129,8
DA:130,8
DA:131,8
DA:132,8
DA:133,8
DA:135,6
DA:136,2
DA:137,2
DA:140,8
DA:142,2
DA:143,8
DA:144,8
DA:147,8
DA:150,8
DA:151,6
DA:152,2
DA:153,2
DA:154,2
DA:156,2
DA:160,2
DA:161,2
DA:162,2
LF:88
LH:88
end_of_record
TN:
SF:/home/cherrling/code/Lab1-2022112266/lab3/test/test_shortest_path.cpp
FNL:0,103,109
FNA:0,3,_ZN30ShortestPathTest_SameNode_Test8TestBodyEv
FNA:0,3,_ZN30ShortestPathTest_SameNode_TestC2Ev
FNA:0,3,_ZN30ShortestPathTest_SameNode_TestD0Ev
FNA:0,3,_ZN30ShortestPathTest_SameNode_TestD2Ev
FNL:1,113,127
FNA:1,3,_ZN35ShortestPathTest_CycleHandling_Test8TestBodyEv
FNA:1,3,_ZN35ShortestPathTest_CycleHandling_TestC2Ev
FNA:1,3,_ZN35ShortestPathTest_CycleHandling_TestD0Ev
FNA:1,3,_ZN35ShortestPathTest_CycleHandling_TestD2Ev
FNL:2,131,134
FNA:2,3,main
FNL:3,15,42
FNA:3,18,_ZN16ShortestPathTest5SetUpEv
FNL:4,44,46
FNA:4,18,_ZN16ShortestPathTest8TearDownEv
FNL:5,50,61
FNA:5,3,_ZN34ShortestPathTest_ExistingPath_Test8TestBodyEv
FNA:5,3,_ZN34ShortestPathTest_ExistingPath_TestC2Ev
FNA:5,3,_ZN34ShortestPathTest_ExistingPath_TestD0Ev
FNA:5,3,_ZN34ShortestPathTest_ExistingPath_TestD2Ev
FNL:6,64,76
FNA:6,3,_ZN40ShortestPathTest_MultiplePathsExist_Test8TestBodyEv
FNA:6,3,_ZN40ShortestPathTest_MultiplePathsExist_TestC2Ev
FNA:6,3,_ZN40ShortestPathTest_MultiplePathsExist_TestD0Ev
FNA:6,3,_ZN40ShortestPathTest_MultiplePathsExist_TestD2Ev
FNL:7,79,87
FNA:7,3,_ZN34ShortestPathTest_NoPathExists_Test8TestBodyEv
FNA:7,3,_ZN34ShortestPathTest_NoPathExists_TestC2Ev
FNA:7,3,_ZN34ShortestPathTest_NoPathExists_TestD0Ev
FNA:7,3,_ZN34ShortestPathTest_NoPathExists_TestD2Ev
FNL:8,90,100
FNA:8,3,_ZN36ShortestPathTest_NodeNotInGraph_Test8TestBodyEv
FNA:8,3,_ZN36ShortestPathTest_NodeNotInGraph_TestC2Ev
FNA:8,3,_ZN36ShortestPathTest_NodeNotInGraph_TestD0Ev
FNA:8,3,_ZN36ShortestPathTest_NodeNotInGraph_TestD2Ev
FNF:9
FNH:9
DA:15,18
DA:16,18
DA:23,72
DA:24,72
DA:25,72
DA:26,72
DA:27,72
DA:28,72
DA:34,72
DA:35,72
DA:36,72
DA:37,72
DA:38,72
DA:39,72
DA:40,72
DA:41,72
DA:42,18
DA:44,18
DA:45,18
DA:46,18
DA:50,12
DA:52,12
DA:53,3
DA:54,3
DA:55,3
DA:59,9
DA:60,3
DA:61,3
DA:64,12
DA:65,12
DA:67,3
DA:68,3
DA:71,3
DA:74,3
DA:75,3
DA:76,3
DA:79,12
DA:81,12
DA:83,12
DA:85,3
DA:86,3
DA:87,3
DA:90,12
DA:91,12
DA:93,3
DA:94,3
DA:96,12
DA:98,3
DA:99,3
DA:100,3
DA:103,12
DA:104,12
DA:106,3
DA:107,3
DA:108,3
DA:109,3
DA:113,12
DA:115,12
DA:116,12
DA:117,12
DA:119,12
DA:121,3
DA:122,3
DA:125,9
DA:126,3
DA:127,3
DA:131,3
DA:132,3
DA:133,3
LF:69
LH:69
end_of_record
TN:
SF:/usr/include/c++/15.1.1/bits/alloc_traits.h
FNF:0
FNH:0
DA:614,1390
DA:649,1197
DA:674,2651
DA:680,1259
DA:700,809
DA:712,27739
DA:726,1239
DA:850,0
DA:871,3
DA:885,96
DA:1045,462
DA:1046,462
LF:12
LH:11
end_of_record
TN:
SF:/usr/include/c++/15.1.1/bits/allocator.h
FNF:0
FNH:0
DA:168,1821
DA:173,4470
DA:189,2524
DA:228,0
LF:4
LH:3
end_of_record
TN:
SF:/usr/include/c++/15.1.1/bits/basic_string.h
FNL:0,1047,1048
FNA:0,0,_ZNSt7__cxx1112basic_stringIcSt11char_traitsIcESaIcEE5beginEv
FNL:1,1065,1066
FNA:1,0,_ZNSt7__cxx1112basic_stringIcSt11char_traitsIcESaIcEE3endEv
FNL:2,1163,1169
FNA:2,26073,_ZNKSt7__cxx1112basic_stringIcSt11char_traitsIcESaIcEE4sizeEv
FNL:3,1175,1176
FNA:3,2955,_ZNKSt7__cxx1112basic_stringIcSt11char_traitsIcESaIcEE6lengthEv
FNL:4,1181,1187
FNA:4,26833,_ZNKSt7__cxx1112basic_stringIcSt11char_traitsIcESaIcEE8max_sizeEv
FNL:5,1277,1284
FNA:5,399,_ZNKSt7__cxx1112basic_stringIcSt11char_traitsIcESaIcEE8capacityEv
FNL:6,1331,1332
FNA:6,45,_ZNKSt7__cxx1112basic_stringIcSt11char_traitsIcESaIcEE5emptyEv
FNL:7,140,153
FNA:7,226,_ZNSt7__cxx1112basic_stringIcSt11char_traitsIcESaIcEE11_S_allocateERS3_m
FNL:8,1535,1536
FNA:8,27,_ZNSt7__cxx1112basic_stringIcSt11char_traitsIcESaIcEE6appendERKS4_
FNL:9,1566,1571
FNA:9,81,_ZNSt7__cxx1112basic_stringIcSt11char_traitsIcESaIcEE6appendEPKcm
FNL:10,1580,1586
FNA:10,54,_ZNSt7__cxx1112basic_stringIcSt11char_traitsIcESaIcEE6appendEPKc
FNL:11,1740,1773
FNA:11,96,_ZNSt7__cxx1112basic_stringIcSt11char_traitsIcESaIcEE6assignERKS4_
FNL:12,204,205
FNA:12,1277,_ZNSt7__cxx1112basic_stringIcSt11char_traitsIcESaIcEE12_Alloc_hiderC2EPcRKS3_
FNL:13,208,209
FNA:13,1897,_ZNSt7__cxx1112basic_stringIcSt11char_traitsIcESaIcEE12_Alloc_hiderC2EPcOS3_
FNL:14,2148,2150
FNA:14,0,_ZNSt7__cxx1112basic_stringIcSt11char_traitsIcESaIcEE6insertEmRKS4_
FNL:15,228,229
FNA:15,1016,_ZNSt7__cxx1112basic_stringIcSt11char_traitsIcESaIcEE7_M_dataEPc
FNL:16,233,234
FNA:16,4264,_ZNSt7__cxx1112basic_stringIcSt11char_traitsIcESaIcEE9_M_lengthEm
FNL:17,238,239
FNA:17,33308,_ZNKSt7__cxx1112basic_stringIcSt11char_traitsIcESaIcEE7_M_dataEv
FNL:18,243,250
FNA:18,3814,_ZNSt7__cxx1112basic_stringIcSt11char_traitsIcESaIcEE13_M_local_dataEv
FNL:19,2458,2464
FNA:19,0,_ZNSt7__cxx1112basic_stringIcSt11char_traitsIcESaIcEE7replaceEmmPKcm
FNL:20,254,261
FNA:20,4492,_ZNKSt7__cxx1112basic_stringIcSt11char_traitsIcESaIcEE13_M_local_dataEv
FNL:21,265,266
FNA:21,289,_ZNSt7__cxx1112basic_stringIcSt11char_traitsIcESaIcEE11_M_capacityEm
FNL:22,270,274
FNA:22,2232,_ZNSt7__cxx1112basic_stringIcSt11char_traitsIcESaIcEE13_M_set_lengthEm
FNL:23,278,287
FNA:23,4492,_ZNKSt7__cxx1112basic_stringIcSt11char_traitsIcESaIcEE11_M_is_localEv
FNL:24,2873,2874
FNA:24,27,_ZNKSt7__cxx1112basic_stringIcSt11char_traitsIcESaIcEE5c_strEv
FNL:25,2886,2887
FNA:25,11448,_ZNKSt7__cxx1112basic_stringIcSt11char_traitsIcESaIcEE4dataEv
FNL:26,2907,2908
FNA:26,27,_ZNKSt7__cxx1112basic_stringIcSt11char_traitsIcESaIcEE13get_allocatorEv
FNL:27,296,300
FNA:27,3261,_ZNSt7__cxx1112basic_stringIcSt11char_traitsIcESaIcEE10_M_disposeEv
FNL:28,304,305
FNA:28,33,_ZNSt7__cxx1112basic_stringIcSt11char_traitsIcESaIcEE10_M_destroyEm
FNL:29,3461,3471
FNA:29,10839,_ZNKSt7__cxx1112basic_stringIcSt11char_traitsIcESaIcEE7compareERKS4_
FNL:30,359,360
FNA:30,1091,_ZNSt7__cxx1112basic_stringIcSt11char_traitsIcESaIcEE16_M_get_allocatorEv
FNL:31,364,365
FNA:31,28060,_ZNKSt7__cxx1112basic_stringIcSt11char_traitsIcESaIcEE16_M_get_allocatorEv
FNL:32,3815,3828
FNA:32,27,_ZSt12__str_concatINSt7__cxx1112basic_stringIcSt11char_traitsIcESaIcEEEET_PKNS6_10value_typeENS6_9size_typeES9_SA_RKNS6_14allocator_typeE
FNL:33,3858,3866
FNA:33,27,_ZStplIcSt11char_traitsIcESaIcEENSt7__cxx1112basic_stringIT_T0_T1_EEPKS5_RKS8_
FNL:34,3938,3956
FNA:34,27,_ZStplIcSt11char_traitsIcESaIcEENSt7__cxx1112basic_stringIT_T0_T1_EEOS8_S9_
FNL:35,3975,3977
FNA:35,54,_ZStplIcSt11char_traitsIcESaIcEENSt7__cxx1112basic_stringIT_T0_T1_EEOS8_PKS5_
FNL:36,4045,4051
FNA:36,300,_ZSteqIcSt11char_traitsIcESaIcEEbRKNSt7__cxx1112basic_stringIT_T0_T1_EESA_
FNL:37,4062,4067
FNA:37,15,_ZSteqIcSt11char_traitsIcESaIcEEbRKNSt7__cxx1112basic_stringIT_T0_T1_EEPKS5_
FNL:38,409,416
FNA:38,0,_ZNKSt7__cxx1112basic_stringIcSt11char_traitsIcESaIcEE8_M_checkEmPKc
FNL:39,4109,4111
FNA:39,9,_ZSteqIcSt11char_traitsIcESaIcEEbPKT_RKNSt7__cxx1112basic_stringIS3_T0_T1_EE
FNL:40,4123,4126
FNA:40,30,_ZStneIcSt11char_traitsIcESaIcEEbRKNSt7__cxx1112basic_stringIT_T0_T1_EESA_
FNL:41,4164,4167
FNA:41,10839,_ZStltIcSt11char_traitsIcESaIcEEbRKNSt7__cxx1112basic_stringIT_T0_T1_EESA_
FNL:42,420,424
FNA:42,135,_ZNKSt7__cxx1112basic_stringIcSt11char_traitsIcESaIcEE15_M_check_lengthEmmPKc
FNL:43,430,434
FNA:43,0,_ZNKSt7__cxx1112basic_stringIcSt11char_traitsIcESaIcEE8_M_limitEmm
FNL:44,4329,4332
FNA:44,9,_ZSt4swapIcSt11char_traitsIcESaIcEEvRNSt7__cxx1112basic_stringIT_T0_T1_EES9_
FNL:45,438,442
FNA:45,0,_ZNKSt7__cxx1112basic_stringIcSt11char_traitsIcESaIcEE11_M_disjunctEPKc
FNL:46,448,454
FNA:46,2735,_ZNSt7__cxx1112basic_stringIcSt11char_traitsIcESaIcEE7_S_copyEPcPKcm
FNL:47,4530,4545
FNA:47,27,_ZNSt7__cxx119to_stringEi
FNL:48,4539,4543
FNA:48,27,_ZZNSt7__cxx119to_stringEiENKUlPcmE_clES0_m
FNL:49,458,464
FNA:49,0,_ZNSt7__cxx1112basic_stringIcSt11char_traitsIcESaIcEE7_S_moveEPcPKcm
FNL:50,468,474
FNA:50,33,_ZNSt7__cxx1112basic_stringIcSt11char_traitsIcESaIcEE9_S_assignEPcmc
FNL:51,483,506
FNA:51,1217,_ZNSt7__cxx1112basic_stringIcSt11char_traitsIcESaIcEE13_S_copy_charsIPKcEEvPcT_S9_
FNL:52,551,561
FNA:52,4046,_ZNSt7__cxx1112basic_stringIcSt11char_traitsIcESaIcEE10_S_compareEmm
FNL:53,585,594
FNA:53,57,_ZNSt7__cxx1112basic_stringIcSt11char_traitsIcESaIcEEC2Ev
FNL:54,601,606
FNA:54,27,_ZNSt7__cxx1112basic_stringIcSt11char_traitsIcESaIcEEC2ERKS3_
FNL:55,613,618
FNA:55,1200,_ZNSt7__cxx1112basic_stringIcSt11char_traitsIcESaIcEEC2ERKS4_
FNL:56,706,715
FNA:56,1217,_ZNSt7__cxx1112basic_stringIcSt11char_traitsIcESaIcEEC2IS3_EEPKcRKS3_
FNL:57,729,731
FNA:57,33,_ZNSt7__cxx1112basic_stringIcSt11char_traitsIcESaIcEEC2IS3_EEmcRKS3_
FNL:58,742,763
FNA:58,640,_ZNSt7__cxx1112basic_stringIcSt11char_traitsIcESaIcEEC2EOS4_
FNL:59,895,896
FNA:59,3174,_ZNSt7__cxx1112basic_stringIcSt11char_traitsIcESaIcEED2Ev
FNL:60,904,907
FNA:60,96,_ZNSt7__cxx1112basic_stringIcSt11char_traitsIcESaIcEEaSERKS4_
FNF:61
FNH:53
DA:140,226
DA:142,226
DA:152,226
DA:204,1277
DA:205,1277
DA:208,1897
DA:209,1897
DA:228,1016
DA:229,1016
DA:233,4264
DA:234,4264
DA:238,33308
DA:239,33308
DA:243,3814
DA:246,3814
DA:254,4492
DA:257,4492
DA:265,289
DA:266,289
DA:270,2232
DA:272,2232
DA:273,2232
DA:274,2232
DA:278,4492
DA:280,4492
DA:282,4340
DA:283,0
DA:284,4340
DA:286,152
DA:296,3261
DA:298,3261
DA:299,33
DA:300,3261
DA:304,33
DA:305,33
DA:359,1091
DA:360,1091
DA:364,28060
DA:365,28060
DA:378,3089
DA:388,640
DA:409,0
DA:411,0
DA:412,0
DA:415,0
DA:420,135
DA:422,135
DA:423,0
DA:424,135
DA:430,0
DA:432,0
DA:433,0
DA:438,0
DA:440,0
DA:441,0
DA:448,2735
DA:450,2735
DA:451,1226
DA:453,1509
DA:454,2735
DA:458,0
DA:460,0
DA:461,0
DA:463,0
DA:464,0
DA:468,33
DA:470,33
DA:471,0
DA:473,33
DA:474,33
DA:483,1217
DA:489,2434
DA:506,1217
DA:551,4046
DA:553,4046
DA:555,4046
DA:556,0
DA:557,4046
DA:558,0
DA:560,4046
DA:585,57
DA:590,171
DA:593,57
DA:594,57
DA:601,27
DA:602,27
DA:605,27
DA:606,27
DA:613,1200
DA:614,1200
DA:615,1200
DA:617,1200
DA:618,1200
DA:706,1217
DA:707,1217
DA:710,1217
DA:711,0
DA:713,1217
DA:714,1217
DA:715,1217
DA:729,33
DA:730,33
DA:731,33
DA:742,640
DA:743,1280
DA:745,640
DA:748,608
DA:749,608
DA:753,32
DA:754,32
DA:760,640
DA:761,640
DA:762,640
DA:763,640
DA:895,3174
DA:896,3174
DA:904,96
DA:906,96
DA:1047,0
DA:1048,0
DA:1065,0
DA:1066,0
DA:1163,26073
DA:1165,26073
DA:1166,26073
DA:1167,0
DA:1168,26073
DA:1175,2955
DA:1176,2955
DA:1181,26833
DA:1183,26833
DA:1185,26833
DA:1186,26833
DA:1277,399
DA:1279,399
DA:1281,399
DA:1282,0
DA:1283,399
DA:1331,45
DA:1332,45
DA:1535,27
DA:1536,27
DA:1566,81
DA:1569,81
DA:1570,81
DA:1580,54
DA:1583,54
DA:1584,54
DA:1585,54
DA:1740,96
DA:1743,96
DA:1745,0
DA:1746,0
DA:1750,0
DA:1752,0
DA:1753,0
DA:1754,0
DA:1758,0
DA:1759,0
DA:1761,0
DA:1762,0
DA:1763,0
DA:1764,0
DA:1765,0
DA:1768,0
DA:1771,96
DA:1772,96
DA:2148,0
DA:2149,0
DA:2150,0
DA:2458,0
DA:2462,0
DA:2463,0
DA:2873,27
DA:2874,27
DA:2886,11448
DA:2887,11448
DA:2907,27
DA:2908,54
DA:3461,10839
DA:3463,10839
DA:3464,10839
DA:3465,10839
DA:3467,10839
DA:3468,10839
DA:3469,4046
DA:3470,10839
DA:3815,27
DA:3823,27
DA:3824,27
DA:3825,27
DA:3826,27
DA:3827,27
DA:3828,0
DA:3858,27
DA:3865,54
DA:3938,27
DA:3943,27
DA:3945,27
DA:3948,27
DA:3951,27
DA:3952,27
DA:3953,0
DA:3955,54
DA:3975,54
DA:3977,108
DA:4045,300
DA:4049,300
DA:4050,300
DA:4062,15
DA:4065,15
DA:4066,15
DA:4109,9
DA:4111,9
DA:4123,30
DA:4126,30
DA:4164,10839
DA:4167,10839
DA:4329,9
DA:4332,9
DA:4530,27
DA:4535,27
DA:4536,27
DA:4537,27
DA:4538,27
DA:4539,27
DA:4540,27
DA:4541,27
DA:4542,27
DA:4544,27
LF:230
LH:181
end_of_record
TN:
SF:/usr/include/c++/15.1.1/bits/basic_string.tcc
FNL:0,143,165
FNA:0,226,_ZNSt7__cxx1112basic_stringIcSt11char_traitsIcESaIcEE9_M_createERmm
FNL:1,227,258
FNA:1,1217,_ZNSt7__cxx1112basic_stringIcSt11char_traitsIcESaIcEE12_M_constructIPKcEEvT_S8_St20forward_iterator_tag
FNL:2,245,245
FNA:2,1217,_ZZNSt7__cxx1112basic_stringIcSt11char_traitsIcESaIcEE12_M_constructIPKcEEvT_S8_St20forward_iterator_tagEN6_GuardC2EPS4_
FNL:3,248,248
FNA:3,1217,_ZZNSt7__cxx1112basic_stringIcSt11char_traitsIcESaIcEE12_M_constructIPKcEEvT_S8_St20forward_iterator_tagEN6_GuardD2Ev
FNL:4,263,278
FNA:4,33,_ZNSt7__cxx1112basic_stringIcSt11char_traitsIcESaIcEE12_M_constructEmc
FNL:5,286,303
FNA:5,1200,_ZNSt7__cxx1112basic_stringIcSt11char_traitsIcESaIcEE12_M_constructILb1EEEvPKcm
FNL:6,308,330
FNA:6,96,_ZNSt7__cxx1112basic_stringIcSt11char_traitsIcESaIcEE9_M_assignERKS4_
FNL:7,335,351
FNA:7,141,_ZNSt7__cxx1112basic_stringIcSt11char_traitsIcESaIcEE7reserveEm
FNL:8,356,376
FNA:8,0,_ZNSt7__cxx1112basic_stringIcSt11char_traitsIcESaIcEE9_M_mutateEmmPKcm
FNL:9,444,459
FNA:9,135,_ZNSt7__cxx1112basic_stringIcSt11char_traitsIcESaIcEE9_M_appendEPKcm
FNL:10,510,537
FNA:10,0,_ZNSt7__cxx1112basic_stringIcSt11char_traitsIcESaIcEE15_M_replace_coldEPcmPKcmm
FNL:11,542,583
FNA:11,0,_ZNSt7__cxx1112basic_stringIcSt11char_traitsIcESaIcEE10_M_replaceEmmPKcm
FNL:12,614,644
FNA:12,27,_ZNSt7__cxx1112basic_stringIcSt11char_traitsIcESaIcEE22__resize_and_overwriteIZNS_9to_stringEiEUlPcmE_EEvmT_
FNL:13,628,628
FNA:13,27,_ZZNSt7__cxx1112basic_stringIcSt11char_traitsIcESaIcEE22__resize_and_overwriteIZNS_9to_stringEiEUlPcmE_EEvmT_EN11_TerminatorD2Ev
FNL:14,64,138
FNA:14,96,_ZNSt7__cxx1112basic_stringIcSt11char_traitsIcESaIcEE4swapERS4_
FNF:15
FNH:12
DA:64,96
DA:67,96
DA:68,0
DA:70,96
DA:72,96
DA:73,96
DA:75,9
DA:78,9
DA:79,9
DA:80,9
DA:81,9
DA:82,9
DA:83,9
DA:85,0
DA:88,0
DA:89,0
DA:90,0
DA:91,0
DA:92,0
DA:94,0
DA:97,0
DA:98,0
DA:99,0
DA:100,0
DA:101,0
DA:106,87
DA:108,87
DA:109,87
DA:110,87
DA:111,87
DA:112,87
DA:116,0
DA:117,0
DA:120,0
DA:121,0
DA:122,0
DA:123,0
DA:127,0
DA:128,0
DA:129,0
DA:130,0
DA:132,0
DA:135,96
DA:136,96
DA:137,96
DA:143,226
DA:148,226
DA:149,0
DA:154,226
DA:156,0
DA:158,0
DA:159,0
DA:164,226
DA:227,1217
DA:231,1217
DA:233,1217
DA:235,50
DA:236,50
DA:245,1217
DA:248,1217
DA:251,1217
DA:253,1217
DA:255,1217
DA:257,1217
DA:258,1217
DA:263,33
DA:266,33
DA:268,33
DA:269,33
DA:274,33
DA:275,33
DA:277,33
DA:278,33
DA:286,1200
DA:289,1200
DA:291,0
DA:292,0
DA:298,1200
DA:300,1200
DA:303,1200
DA:308,96
DA:311,96
DA:313,96
DA:314,96
DA:316,96
DA:318,0
DA:319,0
DA:320,0
DA:321,0
DA:322,0
DA:325,96
DA:326,96
DA:328,96
DA:330,96
DA:335,141
DA:338,141
DA:343,141
DA:344,54
DA:346,87
DA:347,87
DA:348,87
DA:349,87
DA:350,87
DA:356,0
DA:360,0
DA:362,0
DA:363,0
DA:365,0
DA:366,0
DA:367,0
DA:368,0
DA:369,0
DA:370,0
DA:371,0
DA:373,0
DA:374,0
DA:375,0
DA:376,0
DA:444,135
DA:447,135
DA:449,135
DA:451,135
DA:452,135
DA:455,0
DA:457,135
DA:458,135
DA:510,0
DA:515,0
DA:516,0
DA:517,0
DA:518,0
DA:519,0
DA:521,0
DA:522,0
DA:523,0
DA:527,0
DA:528,0
DA:532,0
DA:533,0
DA:534,0
DA:537,0
DA:542,0
DA:546,0
DA:548,0
DA:549,0
DA:551,0
DA:553,0
DA:555,0
DA:568,0
DA:570,0
DA:571,0
DA:572,0
DA:573,0
DA:576,0
DA:579,0
DA:581,0
DA:582,0
DA:614,27
DA:621,27
DA:622,27
DA:628,27
DA:632,27
DA:633,27
DA:641,27
DA:642,27
DA:643,0
DA:644,27
LF:167
LH:84
end_of_record
TN:
SF:/usr/include/c++/15.1.1/bits/char_traits.h
FNL:0,138,139
FNA:0,0,_ZN9__gnu_cxx11char_traitsIcE2eqERKcS3_
FNL:1,201,208
FNA:1,0,_ZN9__gnu_cxx11char_traitsIcE6lengthEPKc
FNL:2,345,353
FNA:2,3458,_ZNSt11char_traitsIcE6assignERcRKc
FNL:3,360,365
FNA:3,0,_ZNSt11char_traitsIcE2ltERKcS2_
FNL:4,368,384
FNA:4,11151,_ZNSt11char_traitsIcE7compareEPKcS2_m
FNL:5,387,394
FNA:5,1313,_ZNSt11char_traitsIcE6lengthEPKc
FNL:6,409,418
FNA:6,0,_ZNSt11char_traitsIcE4moveEPcPKcm
FNL:7,421,430
FNA:7,2231,_ZNSt11char_traitsIcE4copyEPcPKcm
FNL:8,433,442
FNA:8,33,_ZNSt11char_traitsIcE6assignEPcmc
FNF:9
FNH:5
DA:138,0
DA:139,0
DA:201,0
DA:204,0
DA:205,0
DA:206,0
DA:207,0
DA:345,3458
DA:352,3458
DA:353,3458
DA:360,0
DA:363,0
DA:364,0
DA:368,11151
DA:370,11151
DA:371,0
DA:373,11151
DA:375,0
DA:376,0
DA:377,0
DA:378,0
DA:379,0
DA:380,0
DA:383,11151
DA:387,1313
DA:390,1313
DA:391,0
DA:393,1313
DA:409,0
DA:411,0
DA:412,0
DA:417,0
DA:421,2231
DA:423,2231
DA:424,45
DA:429,2186
DA:433,33
DA:435,33
DA:436,0
DA:441,33
LF:40
LH:17
end_of_record
TN:
SF:/usr/include/c++/15.1.1/bits/charconv.h
FNL:0,57,76
FNA:0,27,_ZNSt8__detail14__to_chars_lenIjEEjT_i
FNL:1,83,112
FNA:1,27,_ZNSt8__detail18__to_chars_10_implIjEEvPcjT_
FNF:2
FNH:2
DA:57,27
DA:63,27
DA:64,27
DA:65,27
DA:66,27
DA:69,27
DA:70,0
DA:71,0
DA:72,0
DA:73,0
DA:74,0
DA:83,27
DA:89,27
DA:95,27
DA:96,27
DA:98,0
DA:99,0
DA:100,0
DA:101,0
DA:102,0
DA:104,27
DA:106,0
DA:107,0
DA:108,0
DA:111,27
DA:112,27
LF:26
LH:13
end_of_record
TN:
SF:/usr/include/c++/15.1.1/bits/ios_base.h
FNL:0,101,102
FNA:0,57,_ZStcoSt13_Ios_Fmtflags
FNL:1,106,107
FNA:1,57,_ZStoRRSt13_Ios_FmtflagsS_
FNL:2,1077,1081
FNA:2,57,_ZSt4leftRSt8ios_base
FNL:3,111,112
FNA:3,57,_ZStaNRSt13_Ios_FmtflagsS_
FNL:4,738,744
FNA:4,57,_ZNSt8ios_base4setfESt13_Ios_FmtflagsS0_
FNL:5,86,87
FNA:5,114,_ZStanSt13_Ios_FmtflagsS_
FNL:6,91,92
FNA:6,57,_ZStorSt13_Ios_FmtflagsS_
FNF:7
FNH:7
DA:86,114
DA:87,114
DA:91,57
DA:92,57
DA:101,57
DA:102,57
DA:106,57
DA:107,57
DA:111,57
DA:112,57
DA:738,57
DA:740,57
DA:741,57
DA:742,57
DA:743,57
DA:1077,57
DA:1079,57
DA:1080,57
LF:18
LH:18
end_of_record
TN:
SF:/usr/include/c++/15.1.1/bits/move.h
FNF:0
FNH:0
DA:53,10079
DA:73,16654
DA:139,3216
DA:177,9002
LF:4
LH:4
end_of_record
TN:
SF:/usr/include/c++/15.1.1/bits/new_allocator.h
FNL:0,104,104
FNA:0,402,_ZNSt15__new_allocatorI4EdgeED2Ev
FNA:0,87,_ZNSt15__new_allocatorINSt7__cxx1112basic_stringIcSt11char_traitsIcESaIcEEEED2Ev
FNA:0,15,_ZNSt15__new_allocatorISt13_Rb_tree_nodeISt4pairIKNSt7__cxx1112basic_stringIcSt11char_traitsIcESaIcEEES7_EEED2Ev
FNA:0,86,_ZNSt15__new_allocatorISt13_Rb_tree_nodeISt4pairIKNSt7__cxx1112basic_stringIcSt11char_traitsIcESaIcEEESt6vectorI4EdgeSaISA_EEEEED2Ev
FNA:0,15,_ZNSt15__new_allocatorISt13_Rb_tree_nodeISt4pairIKNSt7__cxx1112basic_stringIcSt11char_traitsIcESaIcEEEbEEED2Ev
FNA:0,15,_ZNSt15__new_allocatorISt13_Rb_tree_nodeISt4pairIKNSt7__cxx1112basic_stringIcSt11char_traitsIcESaIcEEEiEEED2Ev
FNA:0,5735,_ZNSt15__new_allocatorIcED2Ev
FNL:1,126,152
FNA:1,414,_ZNSt15__new_allocatorI4EdgeE8allocateEmPKv
FNA:1,54,_ZNSt15__new_allocatorINSt7__cxx1112basic_stringIcSt11char_traitsIcESaIcEEEE8allocateEmPKv
FNA:1,30,_ZNSt15__new_allocatorISt13_Rb_tree_nodeISt4pairIKNSt7__cxx1112basic_stringIcSt11char_traitsIcESaIcEEES7_EEE8allocateEmPKv
FNA:1,402,_ZNSt15__new_allocatorISt13_Rb_tree_nodeISt4pairIKNSt7__cxx1112basic_stringIcSt11char_traitsIcESaIcEEESt6vectorI4EdgeSaISA_EEEEE8allocateEmPKv
FNA:1,132,_ZNSt15__new_allocatorISt13_Rb_tree_nodeISt4pairIKNSt7__cxx1112basic_stringIcSt11char_traitsIcESaIcEEEbEEE8allocateEmPKv
FNA:1,132,_ZNSt15__new_allocatorISt13_Rb_tree_nodeISt4pairIKNSt7__cxx1112basic_stringIcSt11char_traitsIcESaIcEEEiEEE8allocateEmPKv
FNA:1,226,_ZNSt15__new_allocatorIcE8allocateEmPKv
FNL:2,156,173
FNA:2,414,_ZNSt15__new_allocatorI4EdgeE10deallocateEPS0_m
FNA:2,54,_ZNSt15__new_allocatorINSt7__cxx1112basic_stringIcSt11char_traitsIcESaIcEEEE10deallocateEPS5_m
FNA:2,30,_ZNSt15__new_allocatorISt13_Rb_tree_nodeISt4pairIKNSt7__cxx1112basic_stringIcSt11char_traitsIcESaIcEEES7_EEE10deallocateEPSA_m
FNA:2,402,_ZNSt15__new_allocatorISt13_Rb_tree_nodeISt4pairIKNSt7__cxx1112basic_stringIcSt11char_traitsIcESaIcEEESt6vectorI4EdgeSaISA_EEEEE10deallocateEPSE_m
FNA:2,132,_ZNSt15__new_allocatorISt13_Rb_tree_nodeISt4pairIKNSt7__cxx1112basic_stringIcSt11char_traitsIcESaIcEEEbEEE10deallocateEPSA_m
FNA:2,132,_ZNSt15__new_allocatorISt13_Rb_tree_nodeISt4pairIKNSt7__cxx1112basic_stringIcSt11char_traitsIcESaIcEEEiEEE10deallocateEPSA_m
FNA:2,33,_ZNSt15__new_allocatorIcE10deallocateEPcm
FNF:3
FNH:3
DA:88,1821
DA:92,4470
DA:104,6355
DA:126,1390
DA:134,1390
DA:138,0
DA:139,0
DA:140,0
DA:151,1390
DA:156,1197
DA:172,1197
DA:183,27739
DA:191,3910
DA:198,809
DA:233,29129
LF:15
LH:12
end_of_record
TN:
SF:/usr/include/c++/15.1.1/bits/ptr_traits.h
FNL:0,134,135
FNA:0,4492,_ZNSt19__ptr_traits_ptr_toIPKcS0_Lb0EE10pointer_toERS0_
FNA:0,3814,_ZNSt19__ptr_traits_ptr_toIPccLb0EE10pointer_toERc
FNF:1
FNH:1
DA:134,8306
DA:135,8306
DA:211,450
LF:3
LH:3
end_of_record
TN:
SF:/usr/include/c++/15.1.1/bits/stl_algo.h
FNL:0,1038,1050
FNA:0,12,_ZSt9__reverseIN9__gnu_cxx17__normal_iteratorIPNSt7__cxx1112basic_stringIcSt11char_traitsIcESaIcEEESt6vectorIS7_SaIS7_EEEEEvT_SD_St26random_access_iterator_tag
FNL:1,1067,1074
FNA:1,12,_ZSt7reverseIN9__gnu_cxx17__normal_iteratorIPNSt7__cxx1112basic_stringIcSt11char_traitsIcESaIcEEESt6vectorIS7_SaIS7_EEEEEvT_SD_
FNL:2,4254,4267
FNA:2,0,_ZSt9transformIN9__gnu_cxx17__normal_iteratorIPcNSt7__cxx1112basic_stringIcSt11char_traitsIcESaIcEEEEES9_Z7toLowerRKS8_EUlhE_ET0_T_SE_SD_T1_
FNF:3
FNH:2
DA:1038,12
DA:1041,12
DA:1042,0
DA:1044,33
DA:1046,9
DA:1067,12
DA:1073,12
DA:1074,12
DA:4254,0
DA:4264,0
DA:4265,0
DA:4266,0
LF:12
LH:7
end_of_record
TN:
SF:/usr/include/c++/15.1.1/bits/stl_algobase.h
FNL:0,1188,1194
FNA:0,6,_ZNSt7__equalILb0EE5equalIPKNSt7__cxx1112basic_stringIcSt11char_traitsIcESaIcEEES9_EEbT_SA_T0_
FNL:1,1234,1247
FNA:1,6,_ZSt12__equal_aux1IPKNSt7__cxx1112basic_stringIcSt11char_traitsIcESaIcEEES7_EbT_S8_T0_
FNL:2,156,188
FNA:2,9,_ZSt9iter_swapIN9__gnu_cxx17__normal_iteratorIPNSt7__cxx1112basic_stringIcSt11char_traitsIcESaIcEEESt6vectorIS7_SaIS7_EEEESC_EvT_T0_
FNL:3,1587,1598
FNA:3,6,_ZSt5equalIN9__gnu_cxx17__normal_iteratorIPKNSt7__cxx1112basic_stringIcSt11char_traitsIcESaIcEEESt6vectorIS7_SaIS7_EEEESD_EbT_SE_T0_
FNL:4,234,242
FNA:4,38578,_ZSt3minImERKT_S2_S2_
FNL:5,258,266
FNA:5,450,_ZSt3maxImERKT_S2_S2_
FNF:6
FNH:6
DA:156,9
DA:186,18
DA:188,9
DA:234,38578
DA:239,38578
DA:240,41
DA:241,38537
DA:258,450
DA:263,450
DA:264,346
DA:265,104
DA:1188,6
DA:1190,24
DA:1191,18
DA:1192,0
DA:1193,6
DA:1234,6
DA:1237,6
DA:1246,6
DA:1255,18
DA:1257,6
DA:1587,6
DA:1597,6
LF:23
LH:22
end_of_record
TN:
SF:/usr/include/c++/15.1.1/bits/stl_construct.h
FNL:0,123,134
FNA:0,18,_ZSt10_ConstructINSt7__cxx1112basic_stringIcSt11char_traitsIcESaIcEEEJRKPKcEEvPT_DpOT0_
FNA:0,30,_ZSt10_ConstructINSt7__cxx1112basic_stringIcSt11char_traitsIcESaIcEEEJRKS5_EEvPT_DpOT0_
FNL:1,161,168
FNA:1,414,_ZSt8_DestroyI4EdgeEvPT_
FNA:1,84,_ZSt8_DestroyINSt7__cxx1112basic_stringIcSt11char_traitsIcESaIcEEEEvPT_
FNL:2,202,222
FNA:2,402,_ZSt8_DestroyIP4EdgeEvT_S2_
FNA:2,60,_ZSt8_DestroyIPNSt7__cxx1112basic_stringIcSt11char_traitsIcESaIcEEEEvT_S7_
FNF:3
FNH:3
DA:123,48
DA:133,96
DA:134,48
DA:161,498
DA:166,498
DA:168,498
DA:202,462
DA:211,960
DA:212,498
DA:222,462
LF:10
LH:10
end_of_record
TN:
SF:/usr/include/c++/15.1.1/bits/stl_function.h
FNL:0,1179,1180
FNA:0,156,_ZNKSt10_Select1stISt4pairIKNSt7__cxx1112basic_stringIcSt11char_traitsIcESaIcEEES6_EEclERKS8_
FNA:0,5022,_ZNKSt10_Select1stISt4pairIKNSt7__cxx1112basic_stringIcSt11char_traitsIcESaIcEEESt6vectorI4EdgeSaIS9_EEEEclERKSC_
FNA:0,2223,_ZNKSt10_Select1stISt4pairIKNSt7__cxx1112basic_stringIcSt11char_traitsIcESaIcEEEbEEclERKS8_
FNA:0,2595,_ZNKSt10_Select1stISt4pairIKNSt7__cxx1112basic_stringIcSt11char_traitsIcESaIcEEEiEEclERKS8_
FNL:1,404,405
FNA:1,10839,_ZNKSt4lessINSt7__cxx1112basic_stringIcSt11char_traitsIcESaIcEEEEclERKS5_S8_
FNL:2,448,455
FNA:2,0,_ZNKSt4lessIPKcEclES1_S1_
FNF:3
FNH:2
DA:404,10839
DA:405,10839
DA:448,0
DA:451,0
DA:452,0
DA:454,0
DA:1179,9996
DA:1180,9996
LF:8
LH:4
end_of_record
TN:
SF:/usr/include/c++/15.1.1/bits/stl_iterator.h
FNF:0
FNH:0
DA:1058,3897
DA:1059,3480
DA:1090,756
DA:1103,229
DA:1104,229
DA:1120,21
DA:1121,21
DA:1160,417
DA:1166,1780
DA:1231,966
DA:1247,1616
DA:1264,42
DA:1340,900
DA:3002,18
DA:3011,2567
LF:15
LH:15
end_of_record
TN:
SF:/usr/include/c++/15.1.1/bits/stl_iterator_base_funcs.h
FNF:0
FNH:0
DA:108,1223
DA:153,2446
DA:154,2446
LF:3
LH:3
end_of_record
TN:
SF:/usr/include/c++/15.1.1/bits/stl_iterator_base_types.h
FNF:0
FNH:0
DA:242,1241
LF:1
LH:1
end_of_record
TN:
SF:/usr/include/c++/15.1.1/bits/stl_map.h
FNL:0,1232,1233
FNA:0,24,_ZNKSt3mapINSt7__cxx1112basic_stringIcSt11char_traitsIcESaIcEEES5_St4lessIS5_ESaISt4pairIKS5_S5_EEE8key_compEv
FNA:0,1070,_ZNKSt3mapINSt7__cxx1112basic_stringIcSt11char_traitsIcESaIcEEESt6vectorI4EdgeSaIS7_EESt4lessIS5_ESaISt4pairIKS5_S9_EEE8key_compEv
FNA:0,423,_ZNKSt3mapINSt7__cxx1112basic_stringIcSt11char_traitsIcESaIcEEEbSt4lessIS5_ESaISt4pairIKS5_bEEE8key_compEv
FNA:0,531,_ZNKSt3mapINSt7__cxx1112basic_stringIcSt11char_traitsIcESaIcEEEiSt4lessIS5_ESaISt4pairIKS5_iEEE8key_compEv
FNL:1,1259,1260
FNA:1,81,_ZNSt3mapINSt7__cxx1112basic_stringIcSt11char_traitsIcESaIcEEESt6vectorI4EdgeSaIS7_EESt4lessIS5_ESaISt4pairIKS5_S9_EEE4findERSD_
FNL:2,1348,1349
FNA:2,48,_ZNSt3mapINSt7__cxx1112basic_stringIcSt11char_traitsIcESaIcEEES5_St4lessIS5_ESaISt4pairIKS5_S5_EEE11lower_boundERS9_
FNA:2,1386,_ZNSt3mapINSt7__cxx1112basic_stringIcSt11char_traitsIcESaIcEEESt6vectorI4EdgeSaIS7_EESt4lessIS5_ESaISt4pairIKS5_S9_EEE11lower_boundERSD_
FNA:2,555,_ZNSt3mapINSt7__cxx1112basic_stringIcSt11char_traitsIcESaIcEEEbSt4lessIS5_ESaISt4pairIKS5_bEEE11lower_boundERS9_
FNA:2,663,_ZNSt3mapINSt7__cxx1112basic_stringIcSt11char_traitsIcESaIcEEEiSt4lessIS5_ESaISt4pairIKS5_iEEE11lower_boundERS9_
FNL:3,200,200
FNA:3,15,_ZNSt3mapINSt7__cxx1112basic_stringIcSt11char_traitsIcESaIcEEES5_St4lessIS5_ESaISt4pairIKS5_S5_EEEC2Ev
FNA:3,86,_ZNSt3mapINSt7__cxx1112basic_stringIcSt11char_traitsIcESaIcEEESt6vectorI4EdgeSaIS7_EESt4lessIS5_ESaISt4pairIKS5_S9_EEEC2Ev
FNA:3,15,_ZNSt3mapINSt7__cxx1112basic_stringIcSt11char_traitsIcESaIcEEEbSt4lessIS5_ESaISt4pairIKS5_bEEEC2Ev
FNA:3,15,_ZNSt3mapINSt7__cxx1112basic_stringIcSt11char_traitsIcESaIcEEEiSt4lessIS5_ESaISt4pairIKS5_iEEEC2Ev
FNL:4,337,337
FNA:4,15,_ZNSt3mapINSt7__cxx1112basic_stringIcSt11char_traitsIcESaIcEEES5_St4lessIS5_ESaISt4pairIKS5_S5_EEED2Ev
FNA:4,86,_ZNSt3mapINSt7__cxx1112basic_stringIcSt11char_traitsIcESaIcEEESt6vectorI4EdgeSaIS7_EESt4lessIS5_ESaISt4pairIKS5_S9_EEED2Ev
FNA:4,15,_ZNSt3mapINSt7__cxx1112basic_stringIcSt11char_traitsIcESaIcEEEbSt4lessIS5_ESaISt4pairIKS5_bEEED2Ev
FNA:4,15,_ZNSt3mapINSt7__cxx1112basic_stringIcSt11char_traitsIcESaIcEEEiSt4lessIS5_ESaISt4pairIKS5_iEEED2Ev
FNL:5,391,392
FNA:5,63,_ZNSt3mapINSt7__cxx1112basic_stringIcSt11char_traitsIcESaIcEEESt6vectorI4EdgeSaIS7_EESt4lessIS5_ESaISt4pairIKS5_S9_EEE5beginEv
FNL:6,409,410
FNA:6,48,_ZNSt3mapINSt7__cxx1112basic_stringIcSt11char_traitsIcESaIcEEES5_St4lessIS5_ESaISt4pairIKS5_S5_EEE3endEv
FNA:6,1530,_ZNSt3mapINSt7__cxx1112basic_stringIcSt11char_traitsIcESaIcEEESt6vectorI4EdgeSaIS7_EESt4lessIS5_ESaISt4pairIKS5_S9_EEE3endEv
FNA:6,555,_ZNSt3mapINSt7__cxx1112basic_stringIcSt11char_traitsIcESaIcEEEbSt4lessIS5_ESaISt4pairIKS5_bEEE3endEv
FNA:6,663,_ZNSt3mapINSt7__cxx1112basic_stringIcSt11char_traitsIcESaIcEEEiSt4lessIS5_ESaISt4pairIKS5_iEEE3endEv
FNL:7,527,543
FNA:7,48,_ZNSt3mapINSt7__cxx1112basic_stringIcSt11char_traitsIcESaIcEEES5_St4lessIS5_ESaISt4pairIKS5_S5_EEEixERS9_
FNA:7,1386,_ZNSt3mapINSt7__cxx1112basic_stringIcSt11char_traitsIcESaIcEEESt6vectorI4EdgeSaIS7_EESt4lessIS5_ESaISt4pairIKS5_S9_EEEixERSD_
FNA:7,555,_ZNSt3mapINSt7__cxx1112basic_stringIcSt11char_traitsIcESaIcEEEbSt4lessIS5_ESaISt4pairIKS5_bEEEixERS9_
FNA:7,663,_ZNSt3mapINSt7__cxx1112basic_stringIcSt11char_traitsIcESaIcEEEiSt4lessIS5_ESaISt4pairIKS5_iEEEixERS9_
FNF:8
FNH:8
DA:200,131
DA:337,131
DA:391,63
DA:392,63
DA:409,2796
DA:410,2796
DA:527,2652
DA:532,2652
DA:534,2652
DA:536,696
DA:537,696
DA:538,696
DA:542,5304
DA:1232,2048
DA:1233,2048
DA:1259,81
DA:1260,81
DA:1348,2652
DA:1349,2652
LF:19
LH:19
end_of_record
TN:
SF:/usr/include/c++/15.1.1/bits/stl_pair.h
FNL:0,901,903
FNA:0,0,_ZNSt4pairIPSt18_Rb_tree_node_baseS1_EC2IRS1_S1_Lb1EEEOT_OT0_
FNA:0,187,_ZNSt4pairIPSt18_Rb_tree_node_baseS1_EC2IRS1_S4_Lb1EEEOT_OT0_
FNA:0,509,_ZNSt4pairIPSt18_Rb_tree_node_baseS1_EC2IS1_RS1_Lb1EEEOT_OT0_
FNF:1
FNH:1
DA:901,696
DA:902,696
DA:903,696
LF:3
LH:3
end_of_record
TN:
SF:/usr/include/c++/15.1.1/bits/stl_tree.h
FNL:0,1154,1155
FNA:0,120,_ZNSt8_Rb_treeINSt7__cxx1112basic_stringIcSt11char_traitsIcESaIcEEESt4pairIKS5_S5_ESt10_Select1stIS8_ESt4lessIS5_ESaIS8_EE21_M_get_Node_allocatorEv
FNA:0,1608,_ZNSt8_Rb_treeINSt7__cxx1112basic_stringIcSt11char_traitsIcESaIcEEESt4pairIKS5_St6vectorI4EdgeSaIS9_EEESt10_Select1stISC_ESt4lessIS5_ESaISC_EE21_M_get_Node_allocatorEv
FNA:0,528,_ZNSt8_Rb_treeINSt7__cxx1112basic_stringIcSt11char_traitsIcESaIcEEESt4pairIKS5_bESt10_Select1stIS8_ESt4lessIS5_ESaIS8_EE21_M_get_Node_allocatorEv
FNA:0,528,_ZNSt8_Rb_treeINSt7__cxx1112basic_stringIcSt11char_traitsIcESaIcEEESt4pairIKS5_iESt10_Select1stIS8_ESt4lessIS5_ESaIS8_EE21_M_get_Node_allocatorEv
FNL:1,1167,1185
FNA:1,30,_ZNSt8_Rb_treeINSt7__cxx1112basic_stringIcSt11char_traitsIcESaIcEEESt4pairIKS5_S5_ESt10_Select1stIS8_ESt4lessIS5_ESaIS8_EE11_M_get_nodeEv
FNA:1,402,_ZNSt8_Rb_treeINSt7__cxx1112basic_stringIcSt11char_traitsIcESaIcEEESt4pairIKS5_St6vectorI4EdgeSaIS9_EEESt10_Select1stISC_ESt4lessIS5_ESaISC_EE11_M_get_nodeEv
FNA:1,132,_ZNSt8_Rb_treeINSt7__cxx1112basic_stringIcSt11char_traitsIcESaIcEEESt4pairIKS5_bESt10_Select1stIS8_ESt4lessIS5_ESaIS8_EE11_M_get_nodeEv
FNA:1,132,_ZNSt8_Rb_treeINSt7__cxx1112basic_stringIcSt11char_traitsIcESaIcEEESt4pairIKS5_iESt10_Select1stIS8_ESt4lessIS5_ESaIS8_EE11_M_get_nodeEv
FNL:2,1188,1207
FNA:2,30,_ZNSt8_Rb_treeINSt7__cxx1112basic_stringIcSt11char_traitsIcESaIcEEESt4pairIKS5_S5_ESt10_Select1stIS8_ESt4lessIS5_ESaIS8_EE11_M_put_nodeEPSt13_Rb_tree_nodeIS8_E
FNA:2,402,_ZNSt8_Rb_treeINSt7__cxx1112basic_stringIcSt11char_traitsIcESaIcEEESt4pairIKS5_St6vectorI4EdgeSaIS9_EEESt10_Select1stISC_ESt4lessIS5_ESaISC_EE11_M_put_nodeEPSt13_Rb_tree_nodeISC_E
FNA:2,132,_ZNSt8_Rb_treeINSt7__cxx1112basic_stringIcSt11char_traitsIcESaIcEEESt4pairIKS5_bESt10_Select1stIS8_ESt4lessIS5_ESaIS8_EE11_M_put_nodeEPSt13_Rb_tree_nodeIS8_E
FNA:2,132,_ZNSt8_Rb_treeINSt7__cxx1112basic_stringIcSt11char_traitsIcESaIcEEESt4pairIKS5_iESt10_Select1stIS8_ESt4lessIS5_ESaIS8_EE11_M_put_nodeEPSt13_Rb_tree_nodeIS8_E
FNL:3,1232,1247
FNA:3,30,_ZNSt8_Rb_treeINSt7__cxx1112basic_stringIcSt11char_traitsIcESaIcEEESt4pairIKS5_S5_ESt10_Select1stIS8_ESt4lessIS5_ESaIS8_EE17_M_construct_nodeIJRKSt21piecewise_construct_tSt5tupleIJRS7_EESJ_IJEEEEEvPSt13_Rb_tree_nodeIS8_EDpOT_
FNA:3,402,_ZNSt8_Rb_treeINSt7__cxx1112basic_stringIcSt11char_traitsIcESaIcEEESt4pairIKS5_St6vectorI4EdgeSaIS9_EEESt10_Select1stISC_ESt4lessIS5_ESaISC_EE17_M_construct_nodeIJRKSt21piecewise_construct_tSt5tupleIJRS7_EESN_IJEEEEEvPSt13_Rb_tree_nodeISC_EDpOT_
FNA:3,132,_ZNSt8_Rb_treeINSt7__cxx1112basic_stringIcSt11char_traitsIcESaIcEEESt4pairIKS5_bESt10_Select1stIS8_ESt4lessIS5_ESaIS8_EE17_M_construct_nodeIJRKSt21piecewise_construct_tSt5tupleIJRS7_EESJ_IJEEEEEvPSt13_Rb_tree_nodeIS8_EDpOT_
FNA:3,132,_ZNSt8_Rb_treeINSt7__cxx1112basic_stringIcSt11char_traitsIcESaIcEEESt4pairIKS5_iESt10_Select1stIS8_ESt4lessIS5_ESaIS8_EE17_M_construct_nodeIJRKSt21piecewise_construct_tSt5tupleIJRS7_EESJ_IJEEEEEvPSt13_Rb_tree_nodeIS8_EDpOT_
FNL:4,1251,1256
FNA:4,30,_ZNSt8_Rb_treeINSt7__cxx1112basic_stringIcSt11char_traitsIcESaIcEEESt4pairIKS5_S5_ESt10_Select1stIS8_ESt4lessIS5_ESaIS8_EE14_M_create_nodeIJRKSt21piecewise_construct_tSt5tupleIJRS7_EESJ_IJEEEEEPSt13_Rb_tree_nodeIS8_EDpOT_
FNA:4,402,_ZNSt8_Rb_treeINSt7__cxx1112basic_stringIcSt11char_traitsIcESaIcEEESt4pairIKS5_St6vectorI4EdgeSaIS9_EEESt10_Select1stISC_ESt4lessIS5_ESaISC_EE14_M_create_nodeIJRKSt21piecewise_construct_tSt5tupleIJRS7_EESN_IJEEEEEPSt13_Rb_tree_nodeISC_EDpOT_
FNA:4,132,_ZNSt8_Rb_treeINSt7__cxx1112basic_stringIcSt11char_traitsIcESaIcEEESt4pairIKS5_bESt10_Select1stIS8_ESt4lessIS5_ESaIS8_EE14_M_create_nodeIJRKSt21piecewise_construct_tSt5tupleIJRS7_EESJ_IJEEEEEPSt13_Rb_tree_nodeIS8_EDpOT_
FNA:4,132,_ZNSt8_Rb_treeINSt7__cxx1112basic_stringIcSt11char_traitsIcESaIcEEESt4pairIKS5_iESt10_Select1stIS8_ESt4lessIS5_ESaIS8_EE14_M_create_nodeIJRKSt21piecewise_construct_tSt5tupleIJRS7_EESJ_IJEEEEEPSt13_Rb_tree_nodeIS8_EDpOT_
FNL:5,1260,1268
FNA:5,30,_ZNSt8_Rb_treeINSt7__cxx1112basic_stringIcSt11char_traitsIcESaIcEEESt4pairIKS5_S5_ESt10_Select1stIS8_ESt4lessIS5_ESaIS8_EE15_M_destroy_nodeEPSt13_Rb_tree_nodeIS8_E
FNA:5,402,_ZNSt8_Rb_treeINSt7__cxx1112basic_stringIcSt11char_traitsIcESaIcEEESt4pairIKS5_St6vectorI4EdgeSaIS9_EEESt10_Select1stISC_ESt4lessIS5_ESaISC_EE15_M_destroy_nodeEPSt13_Rb_tree_nodeISC_E
FNA:5,132,_ZNSt8_Rb_treeINSt7__cxx1112basic_stringIcSt11char_traitsIcESaIcEEESt4pairIKS5_bESt10_Select1stIS8_ESt4lessIS5_ESaIS8_EE15_M_destroy_nodeEPSt13_Rb_tree_nodeIS8_E
FNA:5,132,_ZNSt8_Rb_treeINSt7__cxx1112basic_stringIcSt11char_traitsIcESaIcEEESt4pairIKS5_iESt10_Select1stIS8_ESt4lessIS5_ESaIS8_EE15_M_destroy_nodeEPSt13_Rb_tree_nodeIS8_E
FNL:6,1271,1275
FNA:6,30,_ZNSt8_Rb_treeINSt7__cxx1112basic_stringIcSt11char_traitsIcESaIcEEESt4pairIKS5_S5_ESt10_Select1stIS8_ESt4lessIS5_ESaIS8_EE12_M_drop_nodeEPSt13_Rb_tree_nodeIS8_E
FNA:6,402,_ZNSt8_Rb_treeINSt7__cxx1112basic_stringIcSt11char_traitsIcESaIcEEESt4pairIKS5_St6vectorI4EdgeSaIS9_EEESt10_Select1stISC_ESt4lessIS5_ESaISC_EE12_M_drop_nodeEPSt13_Rb_tree_nodeISC_E
FNA:6,132,_ZNSt8_Rb_treeINSt7__cxx1112basic_stringIcSt11char_traitsIcESaIcEEESt4pairIKS5_bESt10_Select1stIS8_ESt4lessIS5_ESaIS8_EE12_M_drop_nodeEPSt13_Rb_tree_nodeIS8_E
FNA:6,132,_ZNSt8_Rb_treeINSt7__cxx1112basic_stringIcSt11char_traitsIcESaIcEEESt4pairIKS5_iESt10_Select1stIS8_ESt4lessIS5_ESaIS8_EE12_M_drop_nodeEPSt13_Rb_tree_nodeIS8_E
FNL:7,1310,1315
FNA:7,15,_ZNSt8_Rb_treeINSt7__cxx1112basic_stringIcSt11char_traitsIcESaIcEEESt4pairIKS5_S5_ESt10_Select1stIS8_ESt4lessIS5_ESaIS8_EE13_Rb_tree_implISC_Lb1EEC2Ev
FNA:7,86,_ZNSt8_Rb_treeINSt7__cxx1112basic_stringIcSt11char_traitsIcESaIcEEESt4pairIKS5_St6vectorI4EdgeSaIS9_EEESt10_Select1stISC_ESt4lessIS5_ESaISC_EE13_Rb_tree_implISG_Lb1EEC2Ev
FNA:7,15,_ZNSt8_Rb_treeINSt7__cxx1112basic_stringIcSt11char_traitsIcESaIcEEESt4pairIKS5_bESt10_Select1stIS8_ESt4lessIS5_ESaIS8_EE13_Rb_tree_implISC_Lb1EEC2Ev
FNA:7,15,_ZNSt8_Rb_treeINSt7__cxx1112basic_stringIcSt11char_traitsIcESaIcEEESt4pairIKS5_iESt10_Select1stIS8_ESt4lessIS5_ESaIS8_EE13_Rb_tree_implISC_Lb1EEC2Ev
FNL:8,134,135
FNA:8,7747,_ZNKSt18_Rb_tree_node_base11_M_base_ptrEv
FNL:9,1361,1362
FNA:9,6,_ZNSt8_Rb_treeINSt7__cxx1112basic_stringIcSt11char_traitsIcESaIcEEESt4pairIKS5_S5_ESt10_Select1stIS8_ESt4lessIS5_ESaIS8_EE11_M_leftmostEv
FNA:9,126,_ZNSt8_Rb_treeINSt7__cxx1112basic_stringIcSt11char_traitsIcESaIcEEESt4pairIKS5_St6vectorI4EdgeSaIS9_EEESt10_Select1stISC_ESt4lessIS5_ESaISC_EE11_M_leftmostEv
FNA:9,0,_ZNSt8_Rb_treeINSt7__cxx1112basic_stringIcSt11char_traitsIcESaIcEEESt4pairIKS5_bESt10_Select1stIS8_ESt4lessIS5_ESaIS8_EE11_M_leftmostEv
FNA:9,0,_ZNSt8_Rb_treeINSt7__cxx1112basic_stringIcSt11char_traitsIcESaIcEEESt4pairIKS5_iESt10_Select1stIS8_ESt4lessIS5_ESaIS8_EE11_M_leftmostEv
FNL:10,1369,1370
FNA:10,30,_ZNSt8_Rb_treeINSt7__cxx1112basic_stringIcSt11char_traitsIcESaIcEEESt4pairIKS5_S5_ESt10_Select1stIS8_ESt4lessIS5_ESaIS8_EE12_M_rightmostEv
FNA:10,488,_ZNSt8_Rb_treeINSt7__cxx1112basic_stringIcSt11char_traitsIcESaIcEEESt4pairIKS5_St6vectorI4EdgeSaIS9_EEESt10_Select1stISC_ESt4lessIS5_ESaISC_EE12_M_rightmostEv
FNA:10,234,_ZNSt8_Rb_treeINSt7__cxx1112basic_stringIcSt11char_traitsIcESaIcEEESt4pairIKS5_bESt10_Select1stIS8_ESt4lessIS5_ESaIS8_EE12_M_rightmostEv
FNA:10,234,_ZNSt8_Rb_treeINSt7__cxx1112basic_stringIcSt11char_traitsIcESaIcEEESt4pairIKS5_iESt10_Select1stIS8_ESt4lessIS5_ESaIS8_EE12_M_rightmostEv
FNL:11,1377,1378
FNA:11,57,_ZNKSt8_Rb_treeINSt7__cxx1112basic_stringIcSt11char_traitsIcESaIcEEESt4pairIKS5_S5_ESt10_Select1stIS8_ESt4lessIS5_ESaIS8_EE8_M_beginEv
FNA:11,1539,_ZNKSt8_Rb_treeINSt7__cxx1112basic_stringIcSt11char_traitsIcESaIcEEESt4pairIKS5_St6vectorI4EdgeSaIS9_EEESt10_Select1stISC_ESt4lessIS5_ESaISC_EE8_M_beginEv
FNA:11,570,_ZNKSt8_Rb_treeINSt7__cxx1112basic_stringIcSt11char_traitsIcESaIcEEESt4pairIKS5_bESt10_Select1stIS8_ESt4lessIS5_ESaIS8_EE8_M_beginEv
FNA:11,678,_ZNKSt8_Rb_treeINSt7__cxx1112basic_stringIcSt11char_traitsIcESaIcEEESt4pairIKS5_iESt10_Select1stIS8_ESt4lessIS5_ESaIS8_EE8_M_beginEv
FNL:12,1381,1387
FNA:12,15,_ZNKSt8_Rb_treeINSt7__cxx1112basic_stringIcSt11char_traitsIcESaIcEEESt4pairIKS5_S5_ESt10_Select1stIS8_ESt4lessIS5_ESaIS8_EE13_M_begin_nodeEv
FNA:12,86,_ZNKSt8_Rb_treeINSt7__cxx1112basic_stringIcSt11char_traitsIcESaIcEEESt4pairIKS5_St6vectorI4EdgeSaIS9_EEESt10_Select1stISC_ESt4lessIS5_ESaISC_EE13_M_begin_nodeEv
FNA:12,15,_ZNKSt8_Rb_treeINSt7__cxx1112basic_stringIcSt11char_traitsIcESaIcEEESt4pairIKS5_bESt10_Select1stIS8_ESt4lessIS5_ESaIS8_EE13_M_begin_nodeEv
FNA:12,15,_ZNKSt8_Rb_treeINSt7__cxx1112basic_stringIcSt11char_traitsIcESaIcEEESt4pairIKS5_iESt10_Select1stIS8_ESt4lessIS5_ESaIS8_EE13_M_begin_nodeEv
FNL:13,1390,1391
FNA:13,159,_ZNKSt8_Rb_treeINSt7__cxx1112basic_stringIcSt11char_traitsIcESaIcEEESt4pairIKS5_S5_ESt10_Select1stIS8_ESt4lessIS5_ESaIS8_EE6_M_endEv
FNA:13,3898,_ZNKSt8_Rb_treeINSt7__cxx1112basic_stringIcSt11char_traitsIcESaIcEEESt4pairIKS5_St6vectorI4EdgeSaIS9_EEESt10_Select1stISC_ESt4lessIS5_ESaISC_EE6_M_endEv
FNA:13,1389,_ZNKSt8_Rb_treeINSt7__cxx1112basic_stringIcSt11char_traitsIcESaIcEEESt4pairIKS5_bESt10_Select1stIS8_ESt4lessIS5_ESaIS8_EE6_M_endEv
FNA:13,1605,_ZNKSt8_Rb_treeINSt7__cxx1112basic_stringIcSt11char_traitsIcESaIcEEESt4pairIKS5_iESt10_Select1stIS8_ESt4lessIS5_ESaIS8_EE6_M_endEv
FNL:14,1394,1413
FNA:14,156,_ZNSt8_Rb_treeINSt7__cxx1112basic_stringIcSt11char_traitsIcESaIcEEESt4pairIKS5_S5_ESt10_Select1stIS8_ESt4lessIS5_ESaIS8_EE6_S_keyERKSt13_Rb_tree_nodeIS8_E
FNA:14,5022,_ZNSt8_Rb_treeINSt7__cxx1112basic_stringIcSt11char_traitsIcESaIcEEESt4pairIKS5_St6vectorI4EdgeSaIS9_EEESt10_Select1stISC_ESt4lessIS5_ESaISC_EE6_S_keyERKSt13_Rb_tree_nodeISC_E
FNA:14,2223,_ZNSt8_Rb_treeINSt7__cxx1112basic_stringIcSt11char_traitsIcESaIcEEESt4pairIKS5_bESt10_Select1stIS8_ESt4lessIS5_ESaIS8_EE6_S_keyERKSt13_Rb_tree_nodeIS8_E
FNA:14,2595,_ZNSt8_Rb_treeINSt7__cxx1112basic_stringIcSt11char_traitsIcESaIcEEESt4pairIKS5_iESt10_Select1stIS8_ESt4lessIS5_ESaIS8_EE6_S_keyERKSt13_Rb_tree_nodeIS8_E
FNL:15,1416,1417
FNA:15,111,_ZNSt8_Rb_treeINSt7__cxx1112basic_stringIcSt11char_traitsIcESaIcEEESt4pairIKS5_S5_ESt10_Select1stIS8_ESt4lessIS5_ESaIS8_EE6_S_keyEPSt18_Rb_tree_node_base
FNA:15,4360,_ZNSt8_Rb_treeINSt7__cxx1112basic_stringIcSt11char_traitsIcESaIcEEESt4pairIKS5_St6vectorI4EdgeSaIS9_EEESt10_Select1stISC_ESt4lessIS5_ESaISC_EE6_S_keyEPSt18_Rb_tree_node_base
FNA:15,1974,_ZNSt8_Rb_treeINSt7__cxx1112basic_stringIcSt11char_traitsIcESaIcEEESt4pairIKS5_bESt10_Select1stIS8_ESt4lessIS5_ESaIS8_EE6_S_keyEPSt18_Rb_tree_node_base
FNA:15,2346,_ZNSt8_Rb_treeINSt7__cxx1112basic_stringIcSt11char_traitsIcESaIcEEESt4pairIKS5_iESt10_Select1stIS8_ESt4lessIS5_ESaIS8_EE6_S_keyEPSt18_Rb_tree_node_base
FNL:16,1420,1421
FNA:16,45,_ZNSt8_Rb_treeINSt7__cxx1112basic_stringIcSt11char_traitsIcESaIcEEESt4pairIKS5_S5_ESt10_Select1stIS8_ESt4lessIS5_ESaIS8_EE6_S_keyEPSt13_Rb_tree_nodeIS8_E
FNA:16,662,_ZNSt8_Rb_treeINSt7__cxx1112basic_stringIcSt11char_traitsIcESaIcEEESt4pairIKS5_St6vectorI4EdgeSaIS9_EEESt10_Select1stISC_ESt4lessIS5_ESaISC_EE6_S_keyEPSt13_Rb_tree_nodeISC_E
FNA:16,249,_ZNSt8_Rb_treeINSt7__cxx1112basic_stringIcSt11char_traitsIcESaIcEEESt4pairIKS5_bESt10_Select1stIS8_ESt4lessIS5_ESaIS8_EE6_S_keyEPSt13_Rb_tree_nodeIS8_E
FNA:16,249,_ZNSt8_Rb_treeINSt7__cxx1112basic_stringIcSt11char_traitsIcESaIcEEESt4pairIKS5_iESt10_Select1stIS8_ESt4lessIS5_ESaIS8_EE6_S_keyEPSt13_Rb_tree_nodeIS8_E
FNL:17,1424,1425
FNA:17,30,_ZNSt8_Rb_treeINSt7__cxx1112basic_stringIcSt11char_traitsIcESaIcEEESt4pairIKS5_S5_ESt10_Select1stIS8_ESt4lessIS5_ESaIS8_EE7_S_leftEPSt18_Rb_tree_node_base
FNA:17,1513,_ZNSt8_Rb_treeINSt7__cxx1112basic_stringIcSt11char_traitsIcESaIcEEESt4pairIKS5_St6vectorI4EdgeSaIS9_EEESt10_Select1stISC_ESt4lessIS5_ESaISC_EE7_S_leftEPSt18_Rb_tree_node_base
FNA:17,696,_ZNSt8_Rb_treeINSt7__cxx1112basic_stringIcSt11char_traitsIcESaIcEEESt4pairIKS5_bESt10_Select1stIS8_ESt4lessIS5_ESaIS8_EE7_S_leftEPSt18_Rb_tree_node_base
FNA:17,888,_ZNSt8_Rb_treeINSt7__cxx1112basic_stringIcSt11char_traitsIcESaIcEEESt4pairIKS5_iESt10_Select1stIS8_ESt4lessIS5_ESaIS8_EE7_S_leftEPSt18_Rb_tree_node_base
FNL:18,1428,1433
FNA:18,30,_ZNSt8_Rb_treeINSt7__cxx1112basic_stringIcSt11char_traitsIcESaIcEEESt4pairIKS5_S5_ESt10_Select1stIS8_ESt4lessIS5_ESaIS8_EE7_S_leftEPSt13_Rb_tree_nodeIS8_E
FNA:18,402,_ZNSt8_Rb_treeINSt7__cxx1112basic_stringIcSt11char_traitsIcESaIcEEESt4pairIKS5_St6vectorI4EdgeSaIS9_EEESt10_Select1stISC_ESt4lessIS5_ESaISC_EE7_S_leftEPSt13_Rb_tree_nodeISC_E
FNA:18,132,_ZNSt8_Rb_treeINSt7__cxx1112basic_stringIcSt11char_traitsIcESaIcEEESt4pairIKS5_bESt10_Select1stIS8_ESt4lessIS5_ESaIS8_EE7_S_leftEPSt13_Rb_tree_nodeIS8_E
FNA:18,132,_ZNSt8_Rb_treeINSt7__cxx1112basic_stringIcSt11char_traitsIcESaIcEEESt4pairIKS5_iESt10_Select1stIS8_ESt4lessIS5_ESaIS8_EE7_S_leftEPSt13_Rb_tree_nodeIS8_E
FNL:19,1436,1437
FNA:19,45,_ZNSt8_Rb_treeINSt7__cxx1112basic_stringIcSt11char_traitsIcESaIcEEESt4pairIKS5_S5_ESt10_Select1stIS8_ESt4lessIS5_ESaIS8_EE8_S_rightEPSt18_Rb_tree_node_base
FNA:19,2184,_ZNSt8_Rb_treeINSt7__cxx1112basic_stringIcSt11char_traitsIcESaIcEEESt4pairIKS5_St6vectorI4EdgeSaIS9_EEESt10_Select1stISC_ESt4lessIS5_ESaISC_EE8_S_rightEPSt18_Rb_tree_node_base
FNA:19,1044,_ZNSt8_Rb_treeINSt7__cxx1112basic_stringIcSt11char_traitsIcESaIcEEESt4pairIKS5_bESt10_Select1stIS8_ESt4lessIS5_ESaIS8_EE8_S_rightEPSt18_Rb_tree_node_base
FNA:19,1224,_ZNSt8_Rb_treeINSt7__cxx1112basic_stringIcSt11char_traitsIcESaIcEEESt4pairIKS5_iESt10_Select1stIS8_ESt4lessIS5_ESaIS8_EE8_S_rightEPSt18_Rb_tree_node_base
FNL:20,144,148
FNA:20,131,_ZNSt20_Rb_tree_key_compareISt4lessINSt7__cxx1112basic_stringIcSt11char_traitsIcESaIcEEEEEC2Ev
FNL:21,1440,1445
FNA:21,30,_ZNSt8_Rb_treeINSt7__cxx1112basic_stringIcSt11char_traitsIcESaIcEEESt4pairIKS5_S5_ESt10_Select1stIS8_ESt4lessIS5_ESaIS8_EE8_S_rightEPSt13_Rb_tree_nodeIS8_E
FNA:21,402,_ZNSt8_Rb_treeINSt7__cxx1112basic_stringIcSt11char_traitsIcESaIcEEESt4pairIKS5_St6vectorI4EdgeSaIS9_EEESt10_Select1stISC_ESt4lessIS5_ESaISC_EE8_S_rightEPSt13_Rb_tree_nodeISC_E
FNA:21,132,_ZNSt8_Rb_treeINSt7__cxx1112basic_stringIcSt11char_traitsIcESaIcEEESt4pairIKS5_bESt10_Select1stIS8_ESt4lessIS5_ESaIS8_EE8_S_rightEPSt13_Rb_tree_nodeIS8_E
FNA:21,132,_ZNSt8_Rb_treeINSt7__cxx1112basic_stringIcSt11char_traitsIcESaIcEEESt4pairIKS5_iESt10_Select1stIS8_ESt4lessIS5_ESaIS8_EE8_S_rightEPSt13_Rb_tree_nodeIS8_E
FNL:22,1553,1553
FNA:22,15,_ZNSt8_Rb_treeINSt7__cxx1112basic_stringIcSt11char_traitsIcESaIcEEESt4pairIKS5_S5_ESt10_Select1stIS8_ESt4lessIS5_ESaIS8_EEC2Ev
FNA:22,86,_ZNSt8_Rb_treeINSt7__cxx1112basic_stringIcSt11char_traitsIcESaIcEEESt4pairIKS5_St6vectorI4EdgeSaIS9_EEESt10_Select1stISC_ESt4lessIS5_ESaISC_EEC2Ev
FNA:22,15,_ZNSt8_Rb_treeINSt7__cxx1112basic_stringIcSt11char_traitsIcESaIcEEESt4pairIKS5_bESt10_Select1stIS8_ESt4lessIS5_ESaIS8_EEC2Ev
FNA:22,15,_ZNSt8_Rb_treeINSt7__cxx1112basic_stringIcSt11char_traitsIcESaIcEEESt4pairIKS5_iESt10_Select1stIS8_ESt4lessIS5_ESaIS8_EEC2Ev
FNL:23,1608,1609
FNA:23,15,_ZNSt8_Rb_treeINSt7__cxx1112basic_stringIcSt11char_traitsIcESaIcEEESt4pairIKS5_S5_ESt10_Select1stIS8_ESt4lessIS5_ESaIS8_EED2Ev
FNA:23,86,_ZNSt8_Rb_treeINSt7__cxx1112basic_stringIcSt11char_traitsIcESaIcEEESt4pairIKS5_St6vectorI4EdgeSaIS9_EEESt10_Select1stISC_ESt4lessIS5_ESaISC_EED2Ev
FNA:23,15,_ZNSt8_Rb_treeINSt7__cxx1112basic_stringIcSt11char_traitsIcESaIcEEESt4pairIKS5_bESt10_Select1stIS8_ESt4lessIS5_ESaIS8_EED2Ev
FNA:23,15,_ZNSt8_Rb_treeINSt7__cxx1112basic_stringIcSt11char_traitsIcESaIcEEESt4pairIKS5_iESt10_Select1stIS8_ESt4lessIS5_ESaIS8_EED2Ev
FNL:24,1616,1617
FNA:24,24,_ZNKSt8_Rb_treeINSt7__cxx1112basic_stringIcSt11char_traitsIcESaIcEEESt4pairIKS5_S5_ESt10_Select1stIS8_ESt4lessIS5_ESaIS8_EE8key_compEv
FNA:24,1070,_ZNKSt8_Rb_treeINSt7__cxx1112basic_stringIcSt11char_traitsIcESaIcEEESt4pairIKS5_St6vectorI4EdgeSaIS9_EEESt10_Select1stISC_ESt4lessIS5_ESaISC_EE8key_compEv
FNA:24,423,_ZNKSt8_Rb_treeINSt7__cxx1112basic_stringIcSt11char_traitsIcESaIcEEESt4pairIKS5_bESt10_Select1stIS8_ESt4lessIS5_ESaIS8_EE8key_compEv
FNA:24,531,_ZNKSt8_Rb_treeINSt7__cxx1112basic_stringIcSt11char_traitsIcESaIcEEESt4pairIKS5_iESt10_Select1stIS8_ESt4lessIS5_ESaIS8_EE8key_compEv
FNL:25,1620,1621
FNA:25,9,_ZNSt8_Rb_treeINSt7__cxx1112basic_stringIcSt11char_traitsIcESaIcEEESt4pairIKS5_S5_ESt10_Select1stIS8_ESt4lessIS5_ESaIS8_EE5beginEv
FNA:25,135,_ZNSt8_Rb_treeINSt7__cxx1112basic_stringIcSt11char_traitsIcESaIcEEESt4pairIKS5_St6vectorI4EdgeSaIS9_EEESt10_Select1stISC_ESt4lessIS5_ESaISC_EE5beginEv
FNA:25,15,_ZNSt8_Rb_treeINSt7__cxx1112basic_stringIcSt11char_traitsIcESaIcEEESt4pairIKS5_bESt10_Select1stIS8_ESt4lessIS5_ESaIS8_EE5beginEv
FNA:25,15,_ZNSt8_Rb_treeINSt7__cxx1112basic_stringIcSt11char_traitsIcESaIcEEESt4pairIKS5_iESt10_Select1stIS8_ESt4lessIS5_ESaIS8_EE5beginEv
FNL:26,1628,1629
FNA:26,48,_ZNSt8_Rb_treeINSt7__cxx1112basic_stringIcSt11char_traitsIcESaIcEEESt4pairIKS5_S5_ESt10_Select1stIS8_ESt4lessIS5_ESaIS8_EE3endEv
FNA:26,1625,_ZNSt8_Rb_treeINSt7__cxx1112basic_stringIcSt11char_traitsIcESaIcEEESt4pairIKS5_St6vectorI4EdgeSaIS9_EEESt10_Select1stISC_ESt4lessIS5_ESaISC_EE3endEv
FNA:26,555,_ZNSt8_Rb_treeINSt7__cxx1112basic_stringIcSt11char_traitsIcESaIcEEESt4pairIKS5_bESt10_Select1stIS8_ESt4lessIS5_ESaIS8_EE3endEv
FNA:26,663,_ZNSt8_Rb_treeINSt7__cxx1112basic_stringIcSt11char_traitsIcESaIcEEESt4pairIKS5_iESt10_Select1stIS8_ESt4lessIS5_ESaIS8_EE3endEv
FNL:27,1656,1657
FNA:27,24,_ZNKSt8_Rb_treeINSt7__cxx1112basic_stringIcSt11char_traitsIcESaIcEEESt4pairIKS5_S5_ESt10_Select1stIS8_ESt4lessIS5_ESaIS8_EE4sizeEv
FNA:27,316,_ZNKSt8_Rb_treeINSt7__cxx1112basic_stringIcSt11char_traitsIcESaIcEEESt4pairIKS5_St6vectorI4EdgeSaIS9_EEESt10_Select1stISC_ESt4lessIS5_ESaISC_EE4sizeEv
FNA:27,132,_ZNKSt8_Rb_treeINSt7__cxx1112basic_stringIcSt11char_traitsIcESaIcEEESt4pairIKS5_bESt10_Select1stIS8_ESt4lessIS5_ESaIS8_EE4sizeEv
FNA:27,132,_ZNKSt8_Rb_treeINSt7__cxx1112basic_stringIcSt11char_traitsIcESaIcEEESt4pairIKS5_iESt10_Select1stIS8_ESt4lessIS5_ESaIS8_EE4sizeEv
FNL:28,171,175
FNA:28,131,_ZNSt15_Rb_tree_headerC2Ev
FNL:29,1893,1894
FNA:29,48,_ZNSt8_Rb_treeINSt7__cxx1112basic_stringIcSt11char_traitsIcESaIcEEESt4pairIKS5_S5_ESt10_Select1stIS8_ESt4lessIS5_ESaIS8_EE11lower_boundERS7_
FNA:29,1386,_ZNSt8_Rb_treeINSt7__cxx1112basic_stringIcSt11char_traitsIcESaIcEEESt4pairIKS5_St6vectorI4EdgeSaIS9_EEESt10_Select1stISC_ESt4lessIS5_ESaISC_EE11lower_boundERS7_
FNA:29,555,_ZNSt8_Rb_treeINSt7__cxx1112basic_stringIcSt11char_traitsIcESaIcEEESt4pairIKS5_bESt10_Select1stIS8_ESt4lessIS5_ESaIS8_EE11lower_boundERS7_
FNA:29,663,_ZNSt8_Rb_treeINSt7__cxx1112basic_stringIcSt11char_traitsIcESaIcEEESt4pairIKS5_iESt10_Select1stIS8_ESt4lessIS5_ESaIS8_EE11lower_boundERS7_
FNL:30,204,210
FNA:30,131,_ZNSt15_Rb_tree_header8_M_resetEv
FNL:31,2283,2286
FNA:31,30,_ZNSt8_Rb_treeINSt7__cxx1112basic_stringIcSt11char_traitsIcESaIcEEESt4pairIKS5_S5_ESt10_Select1stIS8_ESt4lessIS5_ESaIS8_EE10_Auto_nodeC2IJRKSt21piecewise_construct_tSt5tupleIJRS7_EESK_IJEEEEERSE_DpOT_
FNA:31,402,_ZNSt8_Rb_treeINSt7__cxx1112basic_stringIcSt11char_traitsIcESaIcEEESt4pairIKS5_St6vectorI4EdgeSaIS9_EEESt10_Select1stISC_ESt4lessIS5_ESaISC_EE10_Auto_nodeC2IJRKSt21piecewise_construct_tSt5tupleIJRS7_EESO_IJEEEEERSI_DpOT_
FNA:31,132,_ZNSt8_Rb_treeINSt7__cxx1112basic_stringIcSt11char_traitsIcESaIcEEESt4pairIKS5_bESt10_Select1stIS8_ESt4lessIS5_ESaIS8_EE10_Auto_nodeC2IJRKSt21piecewise_construct_tSt5tupleIJRS7_EESK_IJEEEEERSE_DpOT_
FNA:31,132,_ZNSt8_Rb_treeINSt7__cxx1112basic_stringIcSt11char_traitsIcESaIcEEESt4pairIKS5_iESt10_Select1stIS8_ESt4lessIS5_ESaIS8_EE10_Auto_nodeC2IJRKSt21piecewise_construct_tSt5tupleIJRS7_EESK_IJEEEEERSE_DpOT_
FNL:32,2288,2292
FNA:32,30,_ZNSt8_Rb_treeINSt7__cxx1112basic_stringIcSt11char_traitsIcESaIcEEESt4pairIKS5_S5_ESt10_Select1stIS8_ESt4lessIS5_ESaIS8_EE10_Auto_nodeD2Ev
FNA:32,402,_ZNSt8_Rb_treeINSt7__cxx1112basic_stringIcSt11char_traitsIcESaIcEEESt4pairIKS5_St6vectorI4EdgeSaIS9_EEESt10_Select1stISC_ESt4lessIS5_ESaISC_EE10_Auto_nodeD2Ev
FNA:32,132,_ZNSt8_Rb_treeINSt7__cxx1112basic_stringIcSt11char_traitsIcESaIcEEESt4pairIKS5_bESt10_Select1stIS8_ESt4lessIS5_ESaIS8_EE10_Auto_nodeD2Ev
FNA:32,132,_ZNSt8_Rb_treeINSt7__cxx1112basic_stringIcSt11char_traitsIcESaIcEEESt4pairIKS5_iESt10_Select1stIS8_ESt4lessIS5_ESaIS8_EE10_Auto_nodeD2Ev
FNL:33,2299,2300
FNA:33,30,_ZNKSt8_Rb_treeINSt7__cxx1112basic_stringIcSt11char_traitsIcESaIcEEESt4pairIKS5_S5_ESt10_Select1stIS8_ESt4lessIS5_ESaIS8_EE10_Auto_node6_M_keyEv
FNA:33,402,_ZNKSt8_Rb_treeINSt7__cxx1112basic_stringIcSt11char_traitsIcESaIcEEESt4pairIKS5_St6vectorI4EdgeSaIS9_EEESt10_Select1stISC_ESt4lessIS5_ESaISC_EE10_Auto_node6_M_keyEv
FNA:33,132,_ZNKSt8_Rb_treeINSt7__cxx1112basic_stringIcSt11char_traitsIcESaIcEEESt4pairIKS5_bESt10_Select1stIS8_ESt4lessIS5_ESaIS8_EE10_Auto_node6_M_keyEv
FNA:33,132,_ZNKSt8_Rb_treeINSt7__cxx1112basic_stringIcSt11char_traitsIcESaIcEEESt4pairIKS5_iESt10_Select1stIS8_ESt4lessIS5_ESaIS8_EE10_Auto_node6_M_keyEv
FNL:34,230,231
FNA:34,132,_ZNSt13_Rb_tree_nodeISt4pairIKNSt7__cxx1112basic_stringIcSt11char_traitsIcESaIcEEES6_EE9_M_valptrEv
FNA:34,3809,_ZNSt13_Rb_tree_nodeISt4pairIKNSt7__cxx1112basic_stringIcSt11char_traitsIcESaIcEEESt6vectorI4EdgeSaIS9_EEEE9_M_valptrEv
FNA:34,1242,_ZNSt13_Rb_tree_nodeISt4pairIKNSt7__cxx1112basic_stringIcSt11char_traitsIcESaIcEEEbEE9_M_valptrEv
FNA:34,1458,_ZNSt13_Rb_tree_nodeISt4pairIKNSt7__cxx1112basic_stringIcSt11char_traitsIcESaIcEEEiEE9_M_valptrEv
FNL:35,2303,2308
FNA:35,30,_ZNSt8_Rb_treeINSt7__cxx1112basic_stringIcSt11char_traitsIcESaIcEEESt4pairIKS5_S5_ESt10_Select1stIS8_ESt4lessIS5_ESaIS8_EE10_Auto_node9_M_insertES6_IPSt18_Rb_tree_node_baseSH_E
FNA:35,402,_ZNSt8_Rb_treeINSt7__cxx1112basic_stringIcSt11char_traitsIcESaIcEEESt4pairIKS5_St6vectorI4EdgeSaIS9_EEESt10_Select1stISC_ESt4lessIS5_ESaISC_EE10_Auto_node9_M_insertES6_IPSt18_Rb_tree_node_baseSL_E
FNA:35,132,_ZNSt8_Rb_treeINSt7__cxx1112basic_stringIcSt11char_traitsIcESaIcEEESt4pairIKS5_bESt10_Select1stIS8_ESt4lessIS5_ESaIS8_EE10_Auto_node9_M_insertES6_IPSt18_Rb_tree_node_baseSH_E
FNA:35,132,_ZNSt8_Rb_treeINSt7__cxx1112basic_stringIcSt11char_traitsIcESaIcEEESt4pairIKS5_iESt10_Select1stIS8_ESt4lessIS5_ESaIS8_EE10_Auto_node9_M_insertES6_IPSt18_Rb_tree_node_baseSH_E
FNL:36,234,235
FNA:36,156,_ZNKSt13_Rb_tree_nodeISt4pairIKNSt7__cxx1112basic_stringIcSt11char_traitsIcESaIcEEES6_EE9_M_valptrEv
FNA:36,5022,_ZNKSt13_Rb_tree_nodeISt4pairIKNSt7__cxx1112basic_stringIcSt11char_traitsIcESaIcEEESt6vectorI4EdgeSaIS9_EEEE9_M_valptrEv
FNA:36,2223,_ZNKSt13_Rb_tree_nodeISt4pairIKNSt7__cxx1112basic_stringIcSt11char_traitsIcESaIcEEEbEE9_M_valptrEv
FNA:36,2595,_ZNKSt13_Rb_tree_nodeISt4pairIKNSt7__cxx1112basic_stringIcSt11char_traitsIcESaIcEEEiEE9_M_valptrEv
FNL:37,239,240
FNA:37,30,_ZNSt13_Rb_tree_nodeISt4pairIKNSt7__cxx1112basic_stringIcSt11char_traitsIcESaIcEEES6_EE11_M_node_ptrEv
FNA:37,402,_ZNSt13_Rb_tree_nodeISt4pairIKNSt7__cxx1112basic_stringIcSt11char_traitsIcESaIcEEESt6vectorI4EdgeSaIS9_EEEE11_M_node_ptrEv
FNA:37,132,_ZNSt13_Rb_tree_nodeISt4pairIKNSt7__cxx1112basic_stringIcSt11char_traitsIcESaIcEEEbEE11_M_node_ptrEv
FNA:37,132,_ZNSt13_Rb_tree_nodeISt4pairIKNSt7__cxx1112basic_stringIcSt11char_traitsIcESaIcEEEiEE11_M_node_ptrEv
FNL:38,2582,2593
FNA:38,45,_ZNSt8_Rb_treeINSt7__cxx1112basic_stringIcSt11char_traitsIcESaIcEEESt4pairIKS5_S5_ESt10_Select1stIS8_ESt4lessIS5_ESaIS8_EE8_M_eraseEPSt13_Rb_tree_nodeIS8_E
FNA:38,488,_ZNSt8_Rb_treeINSt7__cxx1112basic_stringIcSt11char_traitsIcESaIcEEESt4pairIKS5_St6vectorI4EdgeSaIS9_EEESt10_Select1stISC_ESt4lessIS5_ESaISC_EE8_M_eraseEPSt13_Rb_tree_nodeISC_E
FNA:38,147,_ZNSt8_Rb_treeINSt7__cxx1112basic_stringIcSt11char_traitsIcESaIcEEESt4pairIKS5_bESt10_Select1stIS8_ESt4lessIS5_ESaIS8_EE8_M_eraseEPSt13_Rb_tree_nodeIS8_E
FNA:38,147,_ZNSt8_Rb_treeINSt7__cxx1112basic_stringIcSt11char_traitsIcESaIcEEESt4pairIKS5_iESt10_Select1stIS8_ESt4lessIS5_ESaIS8_EE8_M_eraseEPSt13_Rb_tree_nodeIS8_E
FNL:39,2599,2609
FNA:39,48,_ZNKSt8_Rb_treeINSt7__cxx1112basic_stringIcSt11char_traitsIcESaIcEEESt4pairIKS5_S5_ESt10_Select1stIS8_ESt4lessIS5_ESaIS8_EE14_M_lower_boundEPSt18_Rb_tree_node_baseSG_RS7_
FNA:39,1467,_ZNKSt8_Rb_treeINSt7__cxx1112basic_stringIcSt11char_traitsIcESaIcEEESt4pairIKS5_St6vectorI4EdgeSaIS9_EEESt10_Select1stISC_ESt4lessIS5_ESaISC_EE14_M_lower_boundEPSt18_Rb_tree_node_baseSK_RS7_
FNA:39,555,_ZNKSt8_Rb_treeINSt7__cxx1112basic_stringIcSt11char_traitsIcESaIcEEESt4pairIKS5_bESt10_Select1stIS8_ESt4lessIS5_ESaIS8_EE14_M_lower_boundEPSt18_Rb_tree_node_baseSG_RS7_
FNA:39,663,_ZNKSt8_Rb_treeINSt7__cxx1112basic_stringIcSt11char_traitsIcESaIcEEESt4pairIKS5_iESt10_Select1stIS8_ESt4lessIS5_ESaIS8_EE14_M_lower_boundEPSt18_Rb_tree_node_baseSG_RS7_
FNL:40,2730,2754
FNA:40,9,_ZNSt8_Rb_treeINSt7__cxx1112basic_stringIcSt11char_traitsIcESaIcEEESt4pairIKS5_S5_ESt10_Select1stIS8_ESt4lessIS5_ESaIS8_EE24_M_get_insert_unique_posERS7_
FNA:40,72,_ZNSt8_Rb_treeINSt7__cxx1112basic_stringIcSt11char_traitsIcESaIcEEESt4pairIKS5_St6vectorI4EdgeSaIS9_EEESt10_Select1stISC_ESt4lessIS5_ESaISC_EE24_M_get_insert_unique_posERS7_
FNA:40,15,_ZNSt8_Rb_treeINSt7__cxx1112basic_stringIcSt11char_traitsIcESaIcEEESt4pairIKS5_bESt10_Select1stIS8_ESt4lessIS5_ESaIS8_EE24_M_get_insert_unique_posERS7_
FNA:40,15,_ZNSt8_Rb_treeINSt7__cxx1112basic_stringIcSt11char_traitsIcESaIcEEESt4pairIKS5_iESt10_Select1stIS8_ESt4lessIS5_ESaIS8_EE24_M_get_insert_unique_posERS7_
FNL:41,2832,2882
FNA:41,30,_ZNSt8_Rb_treeINSt7__cxx1112basic_stringIcSt11char_traitsIcESaIcEEESt4pairIKS5_S5_ESt10_Select1stIS8_ESt4lessIS5_ESaIS8_EE29_M_get_insert_hint_unique_posESt23_Rb_tree_const_iteratorIS8_ERS7_
FNA:41,402,_ZNSt8_Rb_treeINSt7__cxx1112basic_stringIcSt11char_traitsIcESaIcEEESt4pairIKS5_St6vectorI4EdgeSaIS9_EEESt10_Select1stISC_ESt4lessIS5_ESaISC_EE29_M_get_insert_hint_unique_posESt23_Rb_tree_const_iteratorISC_ERS7_
FNA:41,132,_ZNSt8_Rb_treeINSt7__cxx1112basic_stringIcSt11char_traitsIcESaIcEEESt4pairIKS5_bESt10_Select1stIS8_ESt4lessIS5_ESaIS8_EE29_M_get_insert_hint_unique_posESt23_Rb_tree_const_iteratorIS8_ERS7_
FNA:41,132,_ZNSt8_Rb_treeINSt7__cxx1112basic_stringIcSt11char_traitsIcESaIcEEESt4pairIKS5_iESt10_Select1stIS8_ESt4lessIS5_ESaIS8_EE29_M_get_insert_hint_unique_posESt23_Rb_tree_const_iteratorIS8_ERS7_
FNL:42,2997,3010
FNA:42,30,_ZNSt8_Rb_treeINSt7__cxx1112basic_stringIcSt11char_traitsIcESaIcEEESt4pairIKS5_S5_ESt10_Select1stIS8_ESt4lessIS5_ESaIS8_EE14_M_insert_nodeEPSt18_Rb_tree_node_baseSG_PSt13_Rb_tree_nodeIS8_E
FNA:42,402,_ZNSt8_Rb_treeINSt7__cxx1112basic_stringIcSt11char_traitsIcESaIcEEESt4pairIKS5_St6vectorI4EdgeSaIS9_EEESt10_Select1stISC_ESt4lessIS5_ESaISC_EE14_M_insert_nodeEPSt18_Rb_tree_node_baseSK_PSt13_Rb_tree_nodeISC_E
FNA:42,132,_ZNSt8_Rb_treeINSt7__cxx1112basic_stringIcSt11char_traitsIcESaIcEEESt4pairIKS5_bESt10_Select1stIS8_ESt4lessIS5_ESaIS8_EE14_M_insert_nodeEPSt18_Rb_tree_node_baseSG_PSt13_Rb_tree_nodeIS8_E
FNA:42,132,_ZNSt8_Rb_treeINSt7__cxx1112basic_stringIcSt11char_traitsIcESaIcEEESt4pairIKS5_iESt10_Select1stIS8_ESt4lessIS5_ESaIS8_EE14_M_insert_nodeEPSt18_Rb_tree_node_baseSG_PSt13_Rb_tree_nodeIS8_E
FNL:43,3080,3089
FNA:43,30,_ZNSt8_Rb_treeINSt7__cxx1112basic_stringIcSt11char_traitsIcESaIcEEESt4pairIKS5_S5_ESt10_Select1stIS8_ESt4lessIS5_ESaIS8_EE22_M_emplace_hint_uniqueIJRKSt21piecewise_construct_tSt5tupleIJRS7_EESJ_IJEEEEESt17_Rb_tree_iteratorIS8_ESt23_Rb_tree_const_iteratorIS8_EDpOT_
FNA:43,402,_ZNSt8_Rb_treeINSt7__cxx1112basic_stringIcSt11char_traitsIcESaIcEEESt4pairIKS5_St6vectorI4EdgeSaIS9_EEESt10_Select1stISC_ESt4lessIS5_ESaISC_EE22_M_emplace_hint_uniqueIJRKSt21piecewise_construct_tSt5tupleIJRS7_EESN_IJEEEEESt17_Rb_tree_iteratorISC_ESt23_Rb_tree_const_iteratorISC_EDpOT_
FNA:43,132,_ZNSt8_Rb_treeINSt7__cxx1112basic_stringIcSt11char_traitsIcESaIcEEESt4pairIKS5_bESt10_Select1stIS8_ESt4lessIS5_ESaIS8_EE22_M_emplace_hint_uniqueIJRKSt21piecewise_construct_tSt5tupleIJRS7_EESJ_IJEEEEESt17_Rb_tree_iteratorIS8_ESt23_Rb_tree_const_iteratorIS8_EDpOT_
FNA:43,132,_ZNSt8_Rb_treeINSt7__cxx1112basic_stringIcSt11char_traitsIcESaIcEEESt4pairIKS5_iESt10_Select1stIS8_ESt4lessIS5_ESaIS8_EE22_M_emplace_hint_uniqueIJRKSt21piecewise_construct_tSt5tupleIJRS7_EESJ_IJEEEEESt17_Rb_tree_iteratorIS8_ESt23_Rb_tree_const_iteratorIS8_EDpOT_
FNL:44,3149,3156
FNA:44,81,_ZNSt8_Rb_treeINSt7__cxx1112basic_stringIcSt11char_traitsIcESaIcEEESt4pairIKS5_St6vectorI4EdgeSaIS9_EEESt10_Select1stISC_ESt4lessIS5_ESaISC_EE4findERS7_
FNL:45,388,389
FNA:45,150,_ZNSt17_Rb_tree_iteratorISt4pairIKNSt7__cxx1112basic_stringIcSt11char_traitsIcESaIcEEES6_EEC2EPSt18_Rb_tree_node_base
FNA:45,3787,_ZNSt17_Rb_tree_iteratorISt4pairIKNSt7__cxx1112basic_stringIcSt11char_traitsIcESaIcEEESt6vectorI4EdgeSaIS9_EEEEC2EPSt18_Rb_tree_node_base
FNA:45,1272,_ZNSt17_Rb_tree_iteratorISt4pairIKNSt7__cxx1112basic_stringIcSt11char_traitsIcESaIcEEEbEEC2EPSt18_Rb_tree_node_base
FNA:45,1488,_ZNSt17_Rb_tree_iteratorISt4pairIKNSt7__cxx1112basic_stringIcSt11char_traitsIcESaIcEEEiEEC2EPSt18_Rb_tree_node_base
FNL:46,392,393
FNA:46,72,_ZNKSt17_Rb_tree_iteratorISt4pairIKNSt7__cxx1112basic_stringIcSt11char_traitsIcESaIcEEES6_EEdeEv
FNA:46,3005,_ZNKSt17_Rb_tree_iteratorISt4pairIKNSt7__cxx1112basic_stringIcSt11char_traitsIcESaIcEEESt6vectorI4EdgeSaIS9_EEEEdeEv
FNA:46,978,_ZNKSt17_Rb_tree_iteratorISt4pairIKNSt7__cxx1112basic_stringIcSt11char_traitsIcESaIcEEEbEEdeEv
FNA:46,1194,_ZNKSt17_Rb_tree_iteratorISt4pairIKNSt7__cxx1112basic_stringIcSt11char_traitsIcESaIcEEEiEEdeEv
FNL:47,400,404
FNA:47,0,_ZNSt17_Rb_tree_iteratorISt4pairIKNSt7__cxx1112basic_stringIcSt11char_traitsIcESaIcEEES6_EEppEv
FNA:47,549,_ZNSt17_Rb_tree_iteratorISt4pairIKNSt7__cxx1112basic_stringIcSt11char_traitsIcESaIcEEESt6vectorI4EdgeSaIS9_EEEEppEv
FNA:47,0,_ZNSt17_Rb_tree_iteratorISt4pairIKNSt7__cxx1112basic_stringIcSt11char_traitsIcESaIcEEEbEEppEv
FNA:47,0,_ZNSt17_Rb_tree_iteratorISt4pairIKNSt7__cxx1112basic_stringIcSt11char_traitsIcESaIcEEEiEEppEv
FNL:48,415,419
FNA:48,6,_ZNSt17_Rb_tree_iteratorISt4pairIKNSt7__cxx1112basic_stringIcSt11char_traitsIcESaIcEEES6_EEmmEv
FNA:48,66,_ZNSt17_Rb_tree_iteratorISt4pairIKNSt7__cxx1112basic_stringIcSt11char_traitsIcESaIcEEESt6vectorI4EdgeSaIS9_EEEEmmEv
FNA:48,0,_ZNSt17_Rb_tree_iteratorISt4pairIKNSt7__cxx1112basic_stringIcSt11char_traitsIcESaIcEEEbEEmmEv
FNA:48,0,_ZNSt17_Rb_tree_iteratorISt4pairIKNSt7__cxx1112basic_stringIcSt11char_traitsIcESaIcEEEiEEmmEv
FNL:49,430,432
FNA:49,57,_ZSteqRKSt17_Rb_tree_iteratorISt4pairIKNSt7__cxx1112basic_stringIcSt11char_traitsIcESaIcEEES6_EESB_
FNA:49,1608,_ZSteqRKSt17_Rb_tree_iteratorISt4pairIKNSt7__cxx1112basic_stringIcSt11char_traitsIcESaIcEEESt6vectorI4EdgeSaIS9_EEEESF_
FNA:49,570,_ZSteqRKSt17_Rb_tree_iteratorISt4pairIKNSt7__cxx1112basic_stringIcSt11char_traitsIcESaIcEEEbEESB_
FNA:49,678,_ZSteqRKSt17_Rb_tree_iteratorISt4pairIKNSt7__cxx1112basic_stringIcSt11char_traitsIcESaIcEEEiEESB_
FNL:50,436,438
FNA:50,624,_ZStneRKSt17_Rb_tree_iteratorISt4pairIKNSt7__cxx1112basic_stringIcSt11char_traitsIcESaIcEEESt6vectorI4EdgeSaIS9_EEEESF_
FNL:51,466,467
FNA:51,30,_ZNSt23_Rb_tree_const_iteratorISt4pairIKNSt7__cxx1112basic_stringIcSt11char_traitsIcESaIcEEES6_EEC2ERKSt17_Rb_tree_iteratorIS8_E
FNA:51,402,_ZNSt23_Rb_tree_const_iteratorISt4pairIKNSt7__cxx1112basic_stringIcSt11char_traitsIcESaIcEEESt6vectorI4EdgeSaIS9_EEEEC2ERKSt17_Rb_tree_iteratorISC_E
FNA:51,132,_ZNSt23_Rb_tree_const_iteratorISt4pairIKNSt7__cxx1112basic_stringIcSt11char_traitsIcESaIcEEEbEEC2ERKSt17_Rb_tree_iteratorIS8_E
FNA:51,132,_ZNSt23_Rb_tree_const_iteratorISt4pairIKNSt7__cxx1112basic_stringIcSt11char_traitsIcESaIcEEEiEEC2ERKSt17_Rb_tree_iteratorIS8_E
FNL:52,689,694
FNA:52,30,_ZNSt9__rb_tree12_Node_traitsISt4pairIKNSt7__cxx1112basic_stringIcSt11char_traitsIcESaIcEEES7_EPS9_E23_S_insert_and_rebalanceEbPSt18_Rb_tree_node_baseSD_RSC_
FNA:52,402,_ZNSt9__rb_tree12_Node_traitsISt4pairIKNSt7__cxx1112basic_stringIcSt11char_traitsIcESaIcEEESt6vectorI4EdgeSaISA_EEEPSD_E23_S_insert_and_rebalanceEbPSt18_Rb_tree_node_baseSH_RSG_
FNA:52,132,_ZNSt9__rb_tree12_Node_traitsISt4pairIKNSt7__cxx1112basic_stringIcSt11char_traitsIcESaIcEEEbEPS9_E23_S_insert_and_rebalanceEbPSt18_Rb_tree_node_baseSD_RSC_
FNA:52,132,_ZNSt9__rb_tree12_Node_traitsISt4pairIKNSt7__cxx1112basic_stringIcSt11char_traitsIcESaIcEEEiEPS9_E23_S_insert_and_rebalanceEbPSt18_Rb_tree_node_baseSD_RSC_
FNF:53
FNH:53
DA:134,7747
DA:135,7747
DA:144,131
DA:148,131
DA:171,131
DA:172,131
DA:173,131
DA:174,131
DA:175,131
DA:204,131
DA:206,131
DA:207,131
DA:208,131
DA:209,131
DA:210,131
DA:230,6641
DA:231,6641
DA:234,9996
DA:235,9996
DA:239,696
DA:240,696
DA:388,6697
DA:389,6697
DA:392,5249
DA:393,5249
DA:400,549
DA:402,549
DA:403,549
DA:415,72
DA:417,72
DA:418,72
DA:430,2913
DA:432,2913
DA:436,624
DA:438,624
DA:466,696
DA:467,696
DA:689,696
DA:693,696
DA:1154,2784
DA:1155,2784
DA:1167,696
DA:1170,1392
DA:1188,696
DA:1191,696
DA:1207,696
DA:1232,696
DA:1236,696
DA:1237,2088
DA:1241,0
DA:1243,0
DA:1244,0
DA:1245,0
DA:1247,696
DA:1251,696
DA:1253,696
DA:1254,2088
DA:1255,696
DA:1260,696
DA:1265,696
DA:1266,696
DA:1268,696
DA:1271,696
DA:1273,696
DA:1274,696
DA:1275,696
DA:1310,131
DA:1314,131
DA:1315,131
DA:1361,132
DA:1362,132
DA:1369,986
DA:1370,986
DA:1377,2844
DA:1378,2844
DA:1381,131
DA:1383,131
DA:1385,131
DA:1386,20
DA:1390,7051
DA:1391,7051
DA:1394,9996
DA:1412,9996
DA:1416,8791
DA:1417,8791
DA:1420,1205
DA:1421,1205
DA:1424,3127
DA:1425,3127
DA:1428,696
DA:1430,696
DA:1431,696
DA:1432,417
DA:1436,4497
DA:1437,4497
DA:1440,696
DA:1442,696
DA:1443,696
DA:1444,390
DA:1553,131
DA:1608,131
DA:1609,131
DA:1616,2048
DA:1617,2048
DA:1620,174
DA:1621,174
DA:1628,2891
DA:1629,2891
DA:1656,604
DA:1657,604
DA:1893,2652
DA:1894,2652
DA:2283,696
DA:2284,696
DA:2285,2088
DA:2286,696
DA:2288,696
DA:2290,696
DA:2291,0
DA:2292,696
DA:2299,696
DA:2300,696
DA:2303,696
DA:2305,696
DA:2306,696
DA:2307,696
DA:2582,827
DA:2586,1523
DA:2588,696
DA:2589,696
DA:2590,696
DA:2591,696
DA:2593,827
DA:2599,2733
DA:2603,10285
DA:2604,7552
DA:2605,3127
DA:2607,4425
DA:2608,2733
DA:2730,111
DA:2734,111
DA:2735,111
DA:2736,111
DA:2737,111
DA:2739,0
DA:2740,0
DA:2741,0
DA:2743,111
DA:2744,111
DA:2746,111
DA:2747,111
DA:2749,0
DA:2751,0
DA:2752,0
DA:2753,0
DA:2832,696
DA:2839,696
DA:2841,604
DA:2842,604
DA:2843,493
DA:2845,111
DA:2847,92
DA:2850,92
DA:2851,92
DA:2852,20
DA:2853,72
DA:2855,72
DA:2856,16
DA:2858,56
DA:2861,0
DA:2863,0
DA:2866,0
DA:2867,0
DA:2868,0
DA:2869,0
DA:2871,0
DA:2872,0
DA:2874,0
DA:2877,0
DA:2881,0
DA:2997,696
DA:3001,620
DA:3002,1316
DA:3005,696
DA:3007,696
DA:3008,696
DA:3009,696
DA:3080,696
DA:3084,2088
DA:3085,696
DA:3086,696
DA:3087,696
DA:3088,0
DA:3089,696
DA:3149,81
DA:3152,81
DA:3153,162
DA:3154,73
DA:3155,235
LF:199
LH:175
end_of_record
TN:
SF:/usr/include/c++/15.1.1/bits/stl_uninitialized.h
FNL:0,113,115
FNA:0,18,_ZNSt19_UninitDestroyGuardIPNSt7__cxx1112basic_stringIcSt11char_traitsIcESaIcEEEvEC2ERS6_
FNL:1,118,122
FNA:1,18,_ZNSt19_UninitDestroyGuardIPNSt7__cxx1112basic_stringIcSt11char_traitsIcESaIcEEEvED2Ev
FNL:2,125,125
FNA:2,18,_ZNSt19_UninitDestroyGuardIPNSt7__cxx1112basic_stringIcSt11char_traitsIcESaIcEEEvE7releaseEv
FNL:3,1274,1284
FNA:3,86,_ZSt19__relocate_object_aI4EdgeS0_SaIS0_EEvPT_PT0_RT1_
FNA:3,27,_ZSt19__relocate_object_aINSt7__cxx1112basic_stringIcSt11char_traitsIcESaIcEEES5_SaIS5_EEvPT_PT0_RT1_
FNL:4,1297,1314
FNA:4,414,_ZSt14__relocate_a_1IP4EdgeS1_SaIS0_EET0_T_S4_S3_RT1_
FNA:4,36,_ZSt14__relocate_a_1IPNSt7__cxx1112basic_stringIcSt11char_traitsIcESaIcEEES6_SaIS5_EET0_T_S9_S8_RT1_
FNL:5,1347,1356
FNA:5,414,_ZSt12__relocate_aIP4EdgeS1_SaIS0_EET0_T_S4_S3_RT1_
FNA:5,36,_ZSt12__relocate_aIPNSt7__cxx1112basic_stringIcSt11char_traitsIcESaIcEEES6_SaIS5_EET0_T_S9_S8_RT1_
FNL:6,140,148
FNA:6,12,_ZSt16__do_uninit_copyIN9__gnu_cxx17__normal_iteratorIPKNSt7__cxx1112basic_stringIcSt11char_traitsIcESaIcEEESt6vectorIS7_SaIS7_EEEESD_PS7_ET1_T_T0_SF_
FNA:6,6,_ZSt16__do_uninit_copyIPKPKcS3_PNSt7__cxx1112basic_stringIcSt11char_traitsIcESaIcEEEET1_T_T0_SB_
FNL:7,231,317
FNA:7,12,_ZSt18uninitialized_copyIN9__gnu_cxx17__normal_iteratorIPKNSt7__cxx1112basic_stringIcSt11char_traitsIcESaIcEEESt6vectorIS7_SaIS7_EEEEPS7_ET0_T_SG_SF_
FNA:7,6,_ZSt18uninitialized_copyIPKPKcPNSt7__cxx1112basic_stringIcSt11char_traitsIcESaIcEEEET0_T_SC_SB_
FNL:8,613,639
FNA:8,12,_ZSt22__uninitialized_copy_aIN9__gnu_cxx17__normal_iteratorIPKNSt7__cxx1112basic_stringIcSt11char_traitsIcESaIcEEESt6vectorIS7_SaIS7_EEEESD_PS7_S7_ET1_T_T0_SF_RSaIT2_E
FNA:8,6,_ZSt22__uninitialized_copy_aIPKPKcS3_PNSt7__cxx1112basic_stringIcSt11char_traitsIcESaIcEEES9_ET1_T_T0_SB_RSaIT2_E
FNF:9
FNH:9
DA:113,18
DA:114,18
DA:115,18
DA:118,18
DA:120,18
DA:121,0
DA:122,18
DA:125,18
DA:140,18
DA:143,18
DA:144,108
DA:145,96
DA:146,18
DA:147,18
DA:148,18
DA:231,18
DA:266,18
DA:613,18
DA:637,18
DA:1274,113
DA:1282,113
DA:1283,113
DA:1284,113
DA:1297,450
DA:1309,450
DA:1310,563
DA:1311,226
DA:1313,450
DA:1347,450
DA:1353,1350
DA:1355,450
LF:31
LH:30
end_of_record
TN:
SF:/usr/include/c++/15.1.1/bits/stl_vector.h
FNL:0,1008,1009
FNA:0,456,_ZNKSt6vectorI4EdgeSaIS0_EE5beginEv
FNA:0,57,_ZNKSt6vectorINSt7__cxx1112basic_stringIcSt11char_traitsIcESaIcEEESaIS5_EE5beginEv
FNL:1,1018,1019
FNA:1,1386,_ZNSt6vectorI4EdgeSaIS0_EE3endEv
FNA:1,51,_ZNSt6vectorINSt7__cxx1112basic_stringIcSt11char_traitsIcESaIcEEESaIS5_EE3endEv
FNL:2,1028,1029
FNA:2,456,_ZNKSt6vectorI4EdgeSaIS0_EE3endEv
FNA:2,51,_ZNKSt6vectorINSt7__cxx1112basic_stringIcSt11char_traitsIcESaIcEEESaIS5_EE3endEv
FNL:3,105,107
FNA:3,402,_ZNSt12_Vector_baseI4EdgeSaIS0_EE17_Vector_impl_dataC2Ev
FNA:3,66,_ZNSt12_Vector_baseINSt7__cxx1112basic_stringIcSt11char_traitsIcESaIcEEESaIS5_EE17_Vector_impl_dataC2Ev
FNL:4,1117,1123
FNA:4,1656,_ZNKSt6vectorI4EdgeSaIS0_EE4sizeEv
FNA:4,189,_ZNKSt6vectorINSt7__cxx1112basic_stringIcSt11char_traitsIcESaIcEEESaIS5_EE4sizeEv
FNL:5,1128,1129
FNA:5,828,_ZNKSt6vectorI4EdgeSaIS0_EE8max_sizeEv
FNA:5,72,_ZNKSt6vectorINSt7__cxx1112basic_stringIcSt11char_traitsIcESaIcEEESaIS5_EE8max_sizeEv
FNL:6,119,124
FNA:6,18,_ZNSt12_Vector_baseINSt7__cxx1112basic_stringIcSt11char_traitsIcESaIcEEESaIS5_EE17_Vector_impl_data12_M_copy_dataERKS8_
FNL:7,1223,1224
FNA:7,438,_ZNKSt6vectorI4EdgeSaIS0_EE5emptyEv
FNA:7,33,_ZNKSt6vectorINSt7__cxx1112basic_stringIcSt11char_traitsIcESaIcEEESaIS5_EE5emptyEv
FNL:8,1261,1265
FNA:8,9,_ZNSt6vectorINSt7__cxx1112basic_stringIcSt11char_traitsIcESaIcEEESaIS5_EEixEm
FNL:9,128,136
FNA:9,6,_ZNSt12_Vector_baseINSt7__cxx1112basic_stringIcSt11char_traitsIcESaIcEEESaIS5_EE17_Vector_impl_data12_M_swap_dataERS8_
FNL:10,1344,1348
FNA:10,3,_ZNSt6vectorINSt7__cxx1112basic_stringIcSt11char_traitsIcESaIcEEESaIS5_EE5frontEv
FNL:11,1368,1372
FNA:11,414,_ZNSt6vectorI4EdgeSaIS0_EE4backEv
FNA:11,3,_ZNSt6vectorINSt7__cxx1112basic_stringIcSt11char_traitsIcESaIcEEESaIS5_EE4backEv
FNL:12,1416,1428
FNA:12,36,_ZNSt6vectorINSt7__cxx1112basic_stringIcSt11char_traitsIcESaIcEEESaIS5_EE9push_backERKS5_
FNL:13,143,149
FNA:13,402,_ZNSt12_Vector_baseI4EdgeSaIS0_EE12_Vector_implC2Ev
FNA:13,39,_ZNSt12_Vector_baseINSt7__cxx1112basic_stringIcSt11char_traitsIcESaIcEEESaIS5_EE12_Vector_implC2Ev
FNL:14,1433,1434
FNA:14,414,_ZNSt6vectorI4EdgeSaIS0_EE9push_backEOS0_
FNL:15,152,154
FNA:15,21,_ZNSt12_Vector_baseINSt7__cxx1112basic_stringIcSt11char_traitsIcESaIcEEESaIS5_EE12_Vector_implC2ERKS6_
FNL:16,1875,1877
FNA:16,414,_ZNSt6vectorI4EdgeSaIS0_EE12_Guard_allocC2EPS0_mRSt12_Vector_baseIS0_S1_E
FNA:16,36,_ZNSt6vectorINSt7__cxx1112basic_stringIcSt11char_traitsIcESaIcEEESaIS5_EE12_Guard_allocC2EPS5_mRSt12_Vector_baseIS5_S6_E
FNL:17,1880,1884
FNA:17,414,_ZNSt6vectorI4EdgeSaIS0_EE12_Guard_allocD2Ev
FNA:17,36,_ZNSt6vectorINSt7__cxx1112basic_stringIcSt11char_traitsIcESaIcEEESaIS5_EE12_Guard_allocD2Ev
FNL:18,1971,1976
FNA:18,6,_ZNSt6vectorINSt7__cxx1112basic_stringIcSt11char_traitsIcESaIcEEESaIS5_EE19_M_range_initializeIPKPKcEEvT_SD_St20forward_iterator_tag
FNL:19,1981,1990
FNA:19,6,_ZNSt6vectorINSt7__cxx1112basic_stringIcSt11char_traitsIcESaIcEEESaIS5_EE21_M_range_initialize_nIPKPKcSC_EEvT_T0_m
FNL:20,2196,2203
FNA:20,414,_ZNKSt6vectorI4EdgeSaIS0_EE12_M_check_lenEmPKc
FNA:20,36,_ZNKSt6vectorINSt7__cxx1112basic_stringIcSt11char_traitsIcESaIcEEESaIS5_EE12_M_check_lenEmPKc
FNL:21,2207,2213
FNA:21,6,_ZNSt6vectorINSt7__cxx1112basic_stringIcSt11char_traitsIcESaIcEEESaIS5_EE17_S_check_init_lenEmRKS6_
FNL:22,2216,2225
FNA:22,828,_ZNSt6vectorI4EdgeSaIS0_EE11_S_max_sizeERKS1_
FNA:22,78,_ZNSt6vectorINSt7__cxx1112basic_stringIcSt11char_traitsIcESaIcEEESaIS5_EE11_S_max_sizeERKS6_
FNL:23,2259,2265
FNA:23,3,_ZNSt6vectorINSt7__cxx1112basic_stringIcSt11char_traitsIcESaIcEEESaIS5_EE14_M_move_assignEOS7_St17integral_constantIbLb1EE
FNL:24,2337,2339
FNA:24,6,_ZSteqINSt7__cxx1112basic_stringIcSt11char_traitsIcESaIcEEESaIS5_EEbRKSt6vectorIT_T0_ESC_
FNL:25,307,308
FNA:25,816,_ZNSt12_Vector_baseI4EdgeSaIS0_EE19_M_get_Tp_allocatorEv
FNA:25,126,_ZNSt12_Vector_baseINSt7__cxx1112basic_stringIcSt11char_traitsIcESaIcEEESaIS5_EE19_M_get_Tp_allocatorEv
FNL:26,312,313
FNA:26,828,_ZNKSt12_Vector_baseI4EdgeSaIS0_EE19_M_get_Tp_allocatorEv
FNA:26,87,_ZNKSt12_Vector_baseINSt7__cxx1112basic_stringIcSt11char_traitsIcESaIcEEESaIS5_EE19_M_get_Tp_allocatorEv
FNL:27,317,318
FNA:27,3,_ZNKSt12_Vector_baseINSt7__cxx1112basic_stringIcSt11char_traitsIcESaIcEEESaIS5_EE13get_allocatorEv
FNL:28,321,321
FNA:28,402,_ZNSt12_Vector_baseI4EdgeSaIS0_EEC2Ev
FNA:28,39,_ZNSt12_Vector_baseINSt7__cxx1112basic_stringIcSt11char_traitsIcESaIcEEESaIS5_EEC2Ev
FNL:29,327,328
FNA:29,9,_ZNSt12_Vector_baseINSt7__cxx1112basic_stringIcSt11char_traitsIcESaIcEEESaIS5_EEC2ERKS6_
FNL:30,339,341
FNA:30,12,_ZNSt12_Vector_baseINSt7__cxx1112basic_stringIcSt11char_traitsIcESaIcEEESaIS5_EEC2EmRKS6_
FNL:31,373,377
FNA:31,402,_ZNSt12_Vector_baseI4EdgeSaIS0_EED2Ev
FNA:31,60,_ZNSt12_Vector_baseINSt7__cxx1112basic_stringIcSt11char_traitsIcESaIcEEESaIS5_EED2Ev
FNL:32,384,388
FNA:32,414,_ZNSt12_Vector_baseI4EdgeSaIS0_EE11_M_allocateEm
FNA:32,54,_ZNSt12_Vector_baseINSt7__cxx1112basic_stringIcSt11char_traitsIcESaIcEEESaIS5_EE11_M_allocateEm
FNL:33,392,397
FNA:33,488,_ZNSt12_Vector_baseI4EdgeSaIS0_EE13_M_deallocateEPS0_m
FNA:33,78,_ZNSt12_Vector_baseINSt7__cxx1112basic_stringIcSt11char_traitsIcESaIcEEESaIS5_EE13_M_deallocateEPS5_m
FNL:34,403,408
FNA:34,12,_ZNSt12_Vector_baseINSt7__cxx1112basic_stringIcSt11char_traitsIcESaIcEEESaIS5_EE17_M_create_storageEm
FNL:35,534,544
FNA:35,414,_ZNSt6vectorI4EdgeSaIS0_EE11_S_relocateEPS0_S3_S3_RS1_
FNA:35,36,_ZNSt6vectorINSt7__cxx1112basic_stringIcSt11char_traitsIcESaIcEEESaIS5_EE11_S_relocateEPS5_S8_S8_RS6_
FNL:36,561,561
FNA:36,402,_ZNSt6vectorI4EdgeSaIS0_EEC2Ev
FNA:36,39,_ZNSt6vectorINSt7__cxx1112basic_stringIcSt11char_traitsIcESaIcEEESaIS5_EEC2Ev
FNL:37,572,573
FNA:37,3,_ZNSt6vectorINSt7__cxx1112basic_stringIcSt11char_traitsIcESaIcEEESaIS5_EEC2ERKS6_
FNL:38,631,639
FNA:38,12,_ZNSt6vectorINSt7__cxx1112basic_stringIcSt11char_traitsIcESaIcEEESaIS5_EEC2ERKS7_
FNL:39,736,753
FNA:39,6,_ZNSt6vectorINSt7__cxx1112basic_stringIcSt11char_traitsIcESaIcEEESaIS5_EEC2IPKPKcvEET_SD_RKS6_
FNL:40,800,805
FNA:40,402,_ZNSt6vectorI4EdgeSaIS0_EED2Ev
FNA:40,60,_ZNSt6vectorINSt7__cxx1112basic_stringIcSt11char_traitsIcESaIcEEESaIS5_EED2Ev
FNL:41,833,840
FNA:41,3,_ZNSt6vectorINSt7__cxx1112basic_stringIcSt11char_traitsIcESaIcEEESaIS5_EEaSEOS7_
FNL:42,998,999
FNA:42,972,_ZNSt6vectorI4EdgeSaIS0_EE5beginEv
FNA:42,51,_ZNSt6vectorINSt7__cxx1112basic_stringIcSt11char_traitsIcESaIcEEESaIS5_EE5beginEv
FNF:43
FNH:43
DA:105,468
DA:106,468
DA:107,468
DA:119,18
DA:121,18
DA:122,18
DA:123,18
DA:124,18
DA:128,6
DA:132,6
DA:133,6
DA:134,6
DA:135,6
DA:136,6
DA:143,441
DA:148,441
DA:149,441
DA:152,21
DA:153,21
DA:154,21
DA:307,942
DA:308,942
DA:312,915
DA:313,915
DA:317,3
DA:318,6
DA:321,441
DA:327,9
DA:328,9
DA:339,12
DA:340,12
DA:341,12
DA:373,462
DA:375,462
DA:376,462
DA:377,462
DA:384,468
DA:387,936
DA:392,566
DA:395,566
DA:396,468
DA:397,566
DA:403,12
DA:405,12
DA:406,12
DA:407,12
DA:408,12
DA:534,450
DA:539,450
DA:561,441
DA:572,3
DA:573,3
DA:631,12
DA:633,24
DA:635,12
DA:636,12
DA:637,12
DA:638,12
DA:639,12
DA:736,6
DA:738,6
DA:751,6
DA:752,6
DA:753,6
DA:800,462
DA:802,462
DA:803,462
DA:805,462
DA:833,3
DA:835,3
DA:838,3
DA:839,3
DA:998,1023
DA:999,1023
DA:1008,513
DA:1009,513
DA:1018,1437
DA:1019,1437
DA:1028,507
DA:1029,507
DA:1117,1845
DA:1119,1845
DA:1120,1845
DA:1121,0
DA:1122,1845
DA:1128,900
DA:1129,900
DA:1223,471
DA:1224,942
DA:1261,9
DA:1263,9
DA:1264,9
DA:1344,3
DA:1346,3
DA:1347,6
DA:1368,417
DA:1370,417
DA:1371,1251
DA:1416,36
DA:1418,36
DA:1421,0
DA:1423,0
DA:1427,36
DA:1428,36
DA:1433,414
DA:1434,414
DA:1875,450
DA:1876,450
DA:1877,450
DA:1880,450
DA:1882,450
DA:1883,104
DA:1884,450
DA:1971,6
DA:1974,6
DA:1975,6
DA:1976,6
DA:1981,6
DA:1984,6
DA:1985,6
DA:1986,6
DA:1988,6
DA:1989,6
DA:1990,6
DA:2196,450
DA:2198,450
DA:2199,0
DA:2201,450
DA:2202,450
DA:2207,6
DA:2209,6
DA:2210,0
DA:2212,6
DA:2216,906
DA:2221,906
DA:2223,906
DA:2224,906
DA:2259,3
DA:2261,3
DA:2262,3
DA:2263,3
DA:2264,3
DA:2265,3
DA:2337,6
DA:2338,6
DA:2339,6
LF:146
LH:141
end_of_record
TN:
SF:/usr/include/c++/15.1.1/bits/unique_ptr.h
FNL:0,1084,1085
FNA:0,0,_ZSt11make_uniqueINSt7__cxx1112basic_stringIcSt11char_traitsIcESaIcEEEJEENSt8__detail9_MakeUniqIT_E15__single_objectEDpOT0_
FNL:1,168,168
FNA:1,21,_ZNSt15__uniq_ptr_implINSt7__cxx1112basic_stringIcSt11char_traitsIcESaIcEEESt14default_deleteIS5_EEC2Ev
FNL:2,170,170
FNA:2,0,_ZNSt15__uniq_ptr_implINSt7__cxx1112basic_stringIcSt11char_traitsIcESaIcEEESt14default_deleteIS5_EEC2EPS5_
FNL:3,183,188
FNA:3,0,_ZNSt15__uniq_ptr_implINSt7__cxx1112basic_stringIcSt11char_traitsIcESaIcEEESt14default_deleteIS5_EEaSEOS8_
FNL:4,191,191
FNA:4,84,_ZNSt15__uniq_ptr_implINSt7__cxx1112basic_stringIcSt11char_traitsIcESaIcEEESt14default_deleteIS5_EE6_M_ptrEv
FNA:4,0,_ZNSt15__uniq_ptr_implINSt7__cxx1118basic_stringstreamIcSt11char_traitsIcESaIcEEESt14default_deleteIS5_EE6_M_ptrEv
FNL:5,193,193
FNA:5,0,_ZNKSt15__uniq_ptr_implINSt7__cxx1112basic_stringIcSt11char_traitsIcESaIcEEESt14default_deleteIS5_EE6_M_ptrEv
FNA:5,0,_ZNKSt15__uniq_ptr_implINSt7__cxx1118basic_stringstreamIcSt11char_traitsIcESaIcEEESt14default_deleteIS5_EE6_M_ptrEv
FNL:6,195,195
FNA:6,0,_ZNSt15__uniq_ptr_implINSt7__cxx1112basic_stringIcSt11char_traitsIcESaIcEEESt14default_deleteIS5_EE10_M_deleterEv
FNA:6,0,_ZNSt15__uniq_ptr_implINSt7__cxx1118basic_stringstreamIcSt11char_traitsIcESaIcEEESt14default_deleteIS5_EE10_M_deleterEv
FNL:7,200,206
FNA:7,0,_ZNSt15__uniq_ptr_implINSt7__cxx1112basic_stringIcSt11char_traitsIcESaIcEEESt14default_deleteIS5_EE5resetEPS5_
FNL:8,209,214
FNA:8,0,_ZNSt15__uniq_ptr_implINSt7__cxx1112basic_stringIcSt11char_traitsIcESaIcEEESt14default_deleteIS5_EE7releaseEv
FNL:9,237,237
FNA:9,0,_ZNSt15__uniq_ptr_dataINSt7__cxx1112basic_stringIcSt11char_traitsIcESaIcEEESt14default_deleteIS5_ELb1ELb1EEaSEOS8_
FNL:10,298,300
FNA:10,21,_ZNSt10unique_ptrINSt7__cxx1112basic_stringIcSt11char_traitsIcESaIcEEESt14default_deleteIS5_EEC2IS7_vEEv
FNL:11,311,313
FNA:11,0,_ZNSt10unique_ptrINSt7__cxx1112basic_stringIcSt11char_traitsIcESaIcEEESt14default_deleteIS5_EEC2IS7_vEEPS5_
FNL:12,393,401
FNA:12,84,_ZNSt10unique_ptrINSt7__cxx1112basic_stringIcSt11char_traitsIcESaIcEEESt14default_deleteIS5_EED2Ev
FNA:12,0,_ZNSt10unique_ptrINSt7__cxx1118basic_stringstreamIcSt11char_traitsIcESaIcEEESt14default_deleteIS5_EED2Ev
FNL:13,409,409
FNA:13,0,_ZNSt10unique_ptrINSt7__cxx1112basic_stringIcSt11char_traitsIcESaIcEEESt14default_deleteIS5_EEaSEOS8_
FNL:14,446,458
FNA:14,0,_ZNKSt10unique_ptrINSt7__cxx1118basic_stringstreamIcSt11char_traitsIcESaIcEEESt14default_deleteIS5_EEdeEv
FNL:15,463,467
FNA:15,0,_ZNKSt10unique_ptrINSt7__cxx1112basic_stringIcSt11char_traitsIcESaIcEEESt14default_deleteIS5_EEptEv
FNL:16,472,473
FNA:16,0,_ZNKSt10unique_ptrINSt7__cxx1112basic_stringIcSt11char_traitsIcESaIcEEESt14default_deleteIS5_EE3getEv
FNA:16,0,_ZNKSt10unique_ptrINSt7__cxx1118basic_stringstreamIcSt11char_traitsIcESaIcEEESt14default_deleteIS5_EE3getEv
FNL:17,478,479
FNA:17,0,_ZNSt10unique_ptrINSt7__cxx1112basic_stringIcSt11char_traitsIcESaIcEEESt14default_deleteIS5_EE11get_deleterEv
FNA:17,0,_ZNSt10unique_ptrINSt7__cxx1118basic_stringstreamIcSt11char_traitsIcESaIcEEESt14default_deleteIS5_EE11get_deleterEv
FNL:18,489,490
FNA:18,0,_ZNKSt10unique_ptrINSt7__cxx1112basic_stringIcSt11char_traitsIcESaIcEEESt14default_deleteIS5_EEcvbEv
FNL:19,854,855
FNA:19,0,_ZSteqINSt7__cxx1112basic_stringIcSt11char_traitsIcESaIcEEESt14default_deleteIS5_EEbRKSt10unique_ptrIT_T0_EDn
FNL:20,87,94
FNA:20,0,_ZNKSt14default_deleteINSt7__cxx1112basic_stringIcSt11char_traitsIcESaIcEEEEclEPS5_
FNA:20,0,_ZNKSt14default_deleteINSt7__cxx1118basic_stringstreamIcSt11char_traitsIcESaIcEEEEclEPS5_
FNL:21,878,879
FNA:21,0,_ZStneINSt7__cxx1112basic_stringIcSt11char_traitsIcESaIcEEESt14default_deleteIS5_EEbRKSt10unique_ptrIT_T0_EDn
FNF:22
FNH:4
DA:87,0
DA:93,0
DA:94,0
DA:168,21
DA:170,0
DA:183,0
DA:185,0
DA:186,0
DA:187,0
DA:191,84
DA:193,0
DA:195,0
DA:200,0
DA:202,0
DA:203,0
DA:204,0
DA:205,0
DA:206,0
DA:209,0
DA:211,0
DA:212,0
DA:213,0
DA:237,0
DA:298,21
DA:299,21
DA:300,21
DA:311,0
DA:312,0
DA:313,0
DA:393,84
[...]
FNL:7,2433,2434
FNA:7,0,_ZSt12__get_helperILm0EPNSt7__cxx1112basic_stringIcSt11char_traitsIcESaIcEEEJSt14default_deleteIS5_EEERKT0_RKSt11_Tuple_implIXT_EJS9_DpT1_EE
FNA:7,0,_ZSt12__get_helperILm0EPNSt7__cxx1118basic_stringstreamIcSt11char_traitsIcESaIcEEEJSt14default_deleteIS5_EEERKT0_RKSt11_Tuple_implIXT_EJS9_DpT1_EE
FNL:8,2444,2445
FNA:8,84,_ZSt3getILm0EJPNSt7__cxx1112basic_stringIcSt11char_traitsIcESaIcEEESt14default_deleteIS5_EEERNSt13tuple_elementIXT_ESt5tupleIJDpT0_EEE4typeERSD_
FNA:8,0,_ZSt3getILm0EJPNSt7__cxx1118basic_stringstreamIcSt11char_traitsIcESaIcEEESt14default_deleteIS5_EEERNSt13tuple_elementIXT_ESt5tupleIJDpT0_EEE4typeERSD_
FNA:8,696,_ZSt3getILm0EJRKNSt7__cxx1112basic_stringIcSt11char_traitsIcESaIcEEEEERNSt13tuple_elementIXT_ESt5tupleIJDpT0_EEE4typeERSC_
FNA:8,0,_ZSt3getILm1EJPNSt7__cxx1112basic_stringIcSt11char_traitsIcESaIcEEESt14default_deleteIS5_EEERNSt13tuple_elementIXT_ESt5tupleIJDpT0_EEE4typeERSD_
FNA:8,0,_ZSt3getILm1EJPNSt7__cxx1118basic_stringstreamIcSt11char_traitsIcESaIcEEESt14default_deleteIS5_EEERNSt13tuple_elementIXT_ESt5tupleIJDpT0_EEE4typeERSD_
FNL:9,2450,2451
FNA:9,0,_ZSt3getILm0EJPNSt7__cxx1112basic_stringIcSt11char_traitsIcESaIcEEESt14default_deleteIS5_EEERKNSt13tuple_elementIXT_ESt5tupleIJDpT0_EEE4typeERKSD_
FNA:9,0,_ZSt3getILm0EJPNSt7__cxx1118basic_stringstreamIcSt11char_traitsIcESaIcEEESt14default_deleteIS5_EEERKNSt13tuple_elementIXT_ESt5tupleIJDpT0_EEE4typeERKSD_
FNL:10,246,246
FNA:10,84,_ZNSt10_Head_baseILm0EPNSt7__cxx1112basic_stringIcSt11char_traitsIcESaIcEEELb0EE7_M_headERS7_
FNA:10,0,_ZNSt10_Head_baseILm0EPNSt7__cxx1118basic_stringstreamIcSt11char_traitsIcESaIcEEELb0EE7_M_headERS7_
FNA:10,696,_ZNSt10_Head_baseILm0ERKNSt7__cxx1112basic_stringIcSt11char_traitsIcESaIcEEELb0EE7_M_headERS8_
FNL:11,249,249
FNA:11,0,_ZNSt10_Head_baseILm0EPNSt7__cxx1112basic_stringIcSt11char_traitsIcESaIcEEELb0EE7_M_headERKS7_
FNA:11,0,_ZNSt10_Head_baseILm0EPNSt7__cxx1118basic_stringstreamIcSt11char_traitsIcESaIcEEELb0EE7_M_headERKS7_
FNL:12,2871,2877
FNA:12,30,_ZNSt4pairIKNSt7__cxx1112basic_stringIcSt11char_traitsIcESaIcEEES5_EC2IJRS6_EJEEESt21piecewise_construct_tSt5tupleIJDpT_EESB_IJDpT0_EE
FNA:12,402,_ZNSt4pairIKNSt7__cxx1112basic_stringIcSt11char_traitsIcESaIcEEESt6vectorI4EdgeSaIS8_EEEC2IJRS6_EJEEESt21piecewise_construct_tSt5tupleIJDpT_EESF_IJDpT0_EE
FNA:12,132,_ZNSt4pairIKNSt7__cxx1112basic_stringIcSt11char_traitsIcESaIcEEEbEC2IJRS6_EJEEESt21piecewise_construct_tSt5tupleIJDpT_EESB_IJDpT0_EE
FNA:12,132,_ZNSt4pairIKNSt7__cxx1112basic_stringIcSt11char_traitsIcESaIcEEEiEC2IJRS6_EJEEESt21piecewise_construct_tSt5tupleIJDpT_EESB_IJDpT0_EE
FNL:13,2883,2888
FNA:13,30,_ZNSt4pairIKNSt7__cxx1112basic_stringIcSt11char_traitsIcESaIcEEES5_EC2IJRS6_EJLm0EEJEJEEERSt5tupleIJDpT_EERSA_IJDpT1_EESt12_Index_tupleIJXspT0_EEESJ_IJXspT2_EEE
FNA:13,402,_ZNSt4pairIKNSt7__cxx1112basic_stringIcSt11char_traitsIcESaIcEEESt6vectorI4EdgeSaIS8_EEEC2IJRS6_EJLm0EEJEJEEERSt5tupleIJDpT_EERSE_IJDpT1_EESt12_Index_tupleIJXspT0_EEESN_IJXspT2_EEE
FNA:13,132,_ZNSt4pairIKNSt7__cxx1112basic_stringIcSt11char_traitsIcESaIcEEEbEC2IJRS6_EJLm0EEJEJEEERSt5tupleIJDpT_EERSA_IJDpT1_EESt12_Index_tupleIJXspT0_EEESJ_IJXspT2_EEE
FNA:13,132,_ZNSt4pairIKNSt7__cxx1112basic_stringIcSt11char_traitsIcESaIcEEEiEC2IJRS6_EJLm0EEJEJEEERSt5tupleIJDpT_EERSA_IJDpT1_EESt12_Index_tupleIJXspT0_EEESJ_IJXspT2_EEE
FNL:14,291,291
FNA:14,84,_ZNSt11_Tuple_implILm0EJPNSt7__cxx1112basic_stringIcSt11char_traitsIcESaIcEEESt14default_deleteIS5_EEE7_M_headERS9_
FNA:14,0,_ZNSt11_Tuple_implILm0EJPNSt7__cxx1118basic_stringstreamIcSt11char_traitsIcESaIcEEESt14default_deleteIS5_EEE7_M_headERS9_
FNL:15,294,294
FNA:15,0,_ZNSt11_Tuple_implILm0EJPNSt7__cxx1112basic_stringIcSt11char_traitsIcESaIcEEESt14default_deleteIS5_EEE7_M_headERKS9_
FNA:15,0,_ZNSt11_Tuple_implILm0EJPNSt7__cxx1118basic_stringstreamIcSt11char_traitsIcESaIcEEESt14default_deleteIS5_EEE7_M_headERKS9_
FNL:16,302,303
FNA:16,21,_ZNSt11_Tuple_implILm0EJPNSt7__cxx1112basic_stringIcSt11char_traitsIcESaIcEEESt14default_deleteIS5_EEEC2Ev
FNL:17,554,554
FNA:17,696,_ZNSt11_Tuple_implILm0EJRKNSt7__cxx1112basic_stringIcSt11char_traitsIcESaIcEEEEE7_M_headERS8_
FNA:17,0,_ZNSt11_Tuple_implILm1EJSt14default_deleteINSt7__cxx1112basic_stringIcSt11char_traitsIcESaIcEEEEEE7_M_headERS8_
FNA:17,0,_ZNSt11_Tuple_implILm1EJSt14default_deleteINSt7__cxx1118basic_stringstreamIcSt11char_traitsIcESaIcEEEEEE7_M_headERS8_
FNL:18,560,561
FNA:18,21,_ZNSt11_Tuple_implILm1EJSt14default_deleteINSt7__cxx1112basic_stringIcSt11char_traitsIcESaIcEEEEEEC2Ev
FNL:19,564,566
FNA:19,696,_ZNSt11_Tuple_implILm0EJRKNSt7__cxx1112basic_stringIcSt11char_traitsIcESaIcEEEEEC2ES7_
FNL:20,584,587
FNA:20,696,_ZNSt11_Tuple_implILm0EJRKNSt7__cxx1112basic_stringIcSt11char_traitsIcESaIcEEEEEC2EOS8_
FNL:21,93,94
FNA:21,21,_ZNSt10_Head_baseILm1ESt14default_deleteINSt7__cxx1112basic_stringIcSt11char_traitsIcESaIcEEEELb1EEC2Ev
FNF:22
FNH:17
DA:93,21
DA:94,21
DA:137,0
DA:202,21
DA:203,21
DA:205,696
DA:206,696
DA:246,780
DA:249,0
DA:291,84
DA:294,0
DA:302,21
DA:303,21
DA:554,696
DA:560,21
DA:561,21
DA:564,696
DA:565,696
DA:566,696
DA:584,696
DA:586,696
DA:587,696
DA:1473,696
DA:1475,696
DA:1504,696
DA:2090,21
DA:2092,21
DA:2428,780
DA:2429,780
DA:2433,0
DA:2434,0
DA:2444,780
DA:2445,780
DA:2450,0
DA:2451,0
DA:2871,696
DA:2876,696
DA:2877,696
DA:2883,696
DA:2886,1392
DA:2887,696
DA:2888,696
LF:42
LH:35
end_of_record
TN:
SF:/usr/include/c++/15.1.1/x86_64-pc-linux-gnu/bits/c++config.h
FNF:0
FNH:0
DA:589,12464
LF:1
LH:1
end_of_record
TN:
SF:/usr/include/gtest/gtest-assertion-result.h
FNL:0,162,168
FNA:0,21,_ZN7testing15AssertionResultC2IbEERKT_PNSt9enable_ifIXntsrSt14is_convertibleIS2_S0_E5valueEvE4typeE
FNL:1,181,181
FNA:1,84,_ZNK7testing15AssertionResultcvbEv
FNL:2,190,192
FNA:2,0,_ZNK7testing15AssertionResult7messageEv
FNL:3,194,194
FNA:3,0,_ZNK7testing15AssertionResult15failure_messageEv
FNL:4,198,201
FNA:4,0,_ZN7testing15AssertionResultlsIA12_cEERS0_RKT_
FNA:4,0,_ZN7testing15AssertionResultlsIA3_cEERS0_RKT_
FNA:4,0,_ZN7testing15AssertionResultlsIA5_cEERS0_RKT_
FNA:4,0,_ZN7testing15AssertionResultlsINSt7__cxx1112basic_stringIcSt11char_traitsIcESaIcEEEEERS0_RKT_
FNA:4,0,_ZN7testing15AssertionResultlsIPKcEERS0_RKT_
FNL:5,213,216
FNA:5,0,_ZN7testing15AssertionResult13AppendMessageERKNS_7MessageE
FNF:6
FNH:2
DA:162,21
DA:168,21
DA:181,84
DA:190,0
DA:191,0
DA:194,0
DA:198,0
DA:199,0
DA:200,0
DA:213,0
DA:214,0
DA:215,0
DA:216,0
LF:13
LH:3
end_of_record
TN:
SF:/usr/include/gtest/gtest-message.h
FNL:0,132,150
FNA:0,0,_ZN7testing7MessagelsIA12_cEERS0_RKT_
FNA:0,0,_ZN7testing7MessagelsIA24_cEERS0_RKT_
FNA:0,0,_ZN7testing7MessagelsIA25_cEERS0_RKT_
FNA:0,0,_ZN7testing7MessagelsIA28_cEERS0_RKT_
FNA:0,0,_ZN7testing7MessagelsIA31_cEERS0_RKT_
FNA:0,0,_ZN7testing7MessagelsIA3_cEERS0_RKT_
FNA:0,0,_ZN7testing7MessagelsIA40_cEERS0_RKT_
FNA:0,0,_ZN7testing7MessagelsIA41_cEERS0_RKT_
FNA:0,0,_ZN7testing7MessagelsIA43_cEERS0_RKT_
FNA:0,0,_ZN7testing7MessagelsIA49_cEERS0_RKT_
FNA:0,0,_ZN7testing7MessagelsIA52_cEERS0_RKT_
FNA:0,0,_ZN7testing7MessagelsIA5_cEERS0_RKT_
FNA:0,0,_ZN7testing7MessagelsINSt7__cxx1112basic_stringIcSt11char_traitsIcESaIcEEEEERS0_RKT_
FNL:1,181,188
FNA:1,0,_ZN7testing7MessagelsIKcEERS0_RKPT_
FNF:2
FNH:0
DA:132,0
DA:148,0
DA:149,0
DA:181,0
DA:182,0
DA:183,0
DA:185,0
DA:187,0
LF:8
LH:0
end_of_record
TN:
SF:/usr/include/gtest/gtest-printers.h
FNL:0,1064,1066
FNA:0,0,_ZN7testing8internal21UniversalTersePrinterINSt7__cxx1112basic_stringIcSt11char_traitsIcESaIcEEEE5PrintERKS7_PSo
FNA:0,0,_ZN7testing8internal21UniversalTersePrinterISt6vectorINSt7__cxx1112basic_stringIcSt11char_traitsIcESaIcEEESaIS8_EEE5PrintERKSA_PSo
FNA:0,0,_ZN7testing8internal21UniversalTersePrinterIiE5PrintERKiPSo
FNA:0,0,_ZN7testing8internal21UniversalTersePrinterImE5PrintERKmPSo
FNL:1,1092,1098
FNA:1,0,_ZN7testing8internal21UniversalTersePrinterIPKcE5PrintES3_PSo
FNL:2,1183,1188
FNA:2,0,_ZN7testing8internal14UniversalPrintINSt7__cxx1112basic_stringIcSt11char_traitsIcESaIcEEEEEvRKT_PSo
FNA:2,0,_ZN7testing8internal14UniversalPrintISt6vectorINSt7__cxx1112basic_stringIcSt11char_traitsIcESaIcEEESaIS8_EEEEvRKT_PSo
FNA:2,0,_ZN7testing8internal14UniversalPrintIiEEvRKT_PSo
FNA:2,0,_ZN7testing8internal14UniversalPrintImEEvRKT_PSo
FNL:3,1223,1227
FNA:3,0,_ZN7testing13PrintToStringINSt7__cxx1112basic_stringIcSt11char_traitsIcESaIcEEEEES6_RKT_
FNA:3,0,_ZN7testing13PrintToStringIPKcEENSt7__cxx1112basic_stringIcSt11char_traitsIcESaIcEEERKT_
FNA:3,0,_ZN7testing13PrintToStringISt6vectorINSt7__cxx1112basic_stringIcSt11char_traitsIcESaIcEEESaIS7_EEEES7_RKT_
FNA:3,0,_ZN7testing13PrintToStringIiEENSt7__cxx1112basic_stringIcSt11char_traitsIcESaIcEEERKT_
FNA:3,0,_ZN7testing13PrintToStringImEENSt7__cxx1112basic_stringIcSt11char_traitsIcESaIcEEERKT_
FNL:4,168,191
FNA:4,0,_ZN7testing8internal16ContainerPrinter10PrintValueISt6vectorINSt7__cxx1112basic_stringIcSt11char_traitsIcESaIcEEESaIS9_EEvEEvRKT_PSo
FNL:5,248,253
FNA:5,0,_ZN7testing8internal52internal_stream_operator_without_lexical_name_lookup13StreamPrinter10PrintValueIivEEDTcvvlsdefp0_fp_ERKT_PSo
FNA:5,0,_ZN7testing8internal52internal_stream_operator_without_lexical_name_lookup13StreamPrinter10PrintValueImvEEDTcvvlsdefp0_fp_ERKT_PSo
FNL:6,352,363
FNA:6,0,_ZN7testing8internal17PrintWithFallbackISt6vectorINSt7__cxx1112basic_stringIcSt11char_traitsIcESaIcEEESaIS8_EEEEvRKT_PSo
FNA:6,0,_ZN7testing8internal17PrintWithFallbackIiEEvRKT_PSo
FNA:6,0,_ZN7testing8internal17PrintWithFallbackImEEvRKT_PSo
FNL:7,383,385
FNA:7,0,_ZN7testing8internal19FormatForComparisonINSt7__cxx1112basic_stringIcSt11char_traitsIcESaIcEEEA2_cE6FormatERKS7_
FNA:7,0,_ZN7testing8internal19FormatForComparisonINSt7__cxx1112basic_stringIcSt11char_traitsIcESaIcEEEA6_cE6FormatERKS7_
FNA:7,0,_ZN7testing8internal19FormatForComparisonINSt7__cxx1112basic_stringIcSt11char_traitsIcESaIcEEEA7_cE6FormatERKS7_
FNA:7,0,_ZN7testing8internal19FormatForComparisonISt6vectorINSt7__cxx1112basic_stringIcSt11char_traitsIcESaIcEEESaIS8_EESA_E6FormatERKSA_
FNA:7,0,_ZN7testing8internal19FormatForComparisonIiiE6FormatB5cxx11ERKi
FNA:7,0,_ZN7testing8internal19FormatForComparisonIimE6FormatB5cxx11ERKi
FNA:7,0,_ZN7testing8internal19FormatForComparisonImiE6FormatB5cxx11ERKm
FNL:8,392,394
FNA:8,0,_ZN7testing8internal19FormatForComparisonIA2_cNSt7__cxx1112basic_stringIcSt11char_traitsIcESaIcEEEE6FormatEPKc
FNA:8,0,_ZN7testing8internal19FormatForComparisonIA6_cNSt7__cxx1112basic_stringIcSt11char_traitsIcESaIcEEEE6FormatEPKc
FNA:8,0,_ZN7testing8internal19FormatForComparisonIA7_cNSt7__cxx1112basic_stringIcSt11char_traitsIcESaIcEEEE6FormatEPKc
FNL:9,437,437
FNA:9,0,_ZN7testing8internal19FormatForComparisonIPKcNSt7__cxx1112basic_stringIcSt11char_traitsIcESaIcEEEE6FormatES3_
FNL:10,463,466
FNA:10,0,_ZN7testing8internal33FormatForComparisonFailureMessageIA2_cNSt7__cxx1112basic_stringIcSt11char_traitsIcESaIcEEEEES8_RKT_RKT0_
FNA:10,0,_ZN7testing8internal33FormatForComparisonFailureMessageIA6_cNSt7__cxx1112basic_stringIcSt11char_traitsIcESaIcEEEEES8_RKT_RKT0_
FNA:10,0,_ZN7testing8internal33FormatForComparisonFailureMessageIA7_cNSt7__cxx1112basic_stringIcSt11char_traitsIcESaIcEEEEES8_RKT_RKT0_
FNA:10,0,_ZN7testing8internal33FormatForComparisonFailureMessageINSt7__cxx1112basic_stringIcSt11char_traitsIcESaIcEEEA2_cEES7_RKT_RKT0_
FNA:10,0,_ZN7testing8internal33FormatForComparisonFailureMessageINSt7__cxx1112basic_stringIcSt11char_traitsIcESaIcEEEA6_cEES7_RKT_RKT0_
FNA:10,0,_ZN7testing8internal33FormatForComparisonFailureMessageINSt7__cxx1112basic_stringIcSt11char_traitsIcESaIcEEEA7_cEES7_RKT_RKT0_
FNA:10,0,_ZN7testing8internal33FormatForComparisonFailureMessageISt6vectorINSt7__cxx1112basic_stringIcSt11char_traitsIcESaIcEEESaIS8_EESA_EES8_RKT_RKT0_
FNA:10,0,_ZN7testing8internal33FormatForComparisonFailureMessageIiiEENSt7__cxx1112basic_stringIcSt11char_traitsIcESaIcEEERKT_RKT0_
FNA:10,0,_ZN7testing8internal33FormatForComparisonFailureMessageIimEENSt7__cxx1112basic_stringIcSt11char_traitsIcESaIcEEERKT_RKT0_
FNA:10,0,_ZN7testing8internal33FormatForComparisonFailureMessageImiEENSt7__cxx1112basic_stringIcSt11char_traitsIcESaIcEEERKT_RKT0_
FNL:11,490,492
FNA:11,0,_ZN7testing8internal7PrintToISt6vectorINSt7__cxx1112basic_stringIcSt11char_traitsIcESaIcEEESaIS8_EEEEvRKT_PSo
FNA:11,0,_ZN7testing8internal7PrintToIiEEvRKT_PSo
FNA:11,0,_ZN7testing8internal7PrintToImEEvRKT_PSo
FNL:12,700,702
FNA:12,0,_ZN7testing8internal7PrintToERKNSt7__cxx1112basic_stringIcSt11char_traitsIcESaIcEEEPSo
FNL:13,874,884
FNA:13,0,_ZN7testing8internal16UniversalPrinterINSt7__cxx1112basic_stringIcSt11char_traitsIcESaIcEEEE5PrintERKS7_PSo
FNA:13,0,_ZN7testing8internal16UniversalPrinterISt6vectorINSt7__cxx1112basic_stringIcSt11char_traitsIcESaIcEEESaIS8_EEE5PrintERKSA_PSo
FNA:13,0,_ZN7testing8internal16UniversalPrinterIiE5PrintERKiPSo
FNA:13,0,_ZN7testing8internal16UniversalPrinterImE5PrintERKmPSo
FNF:14
FNH:0
DA:168,0
DA:169,0
DA:170,0
DA:171,0
DA:172,0
DA:173,0
DA:174,0
DA:175,0
DA:176,0
DA:177,0
DA:180,0
DA:183,0
DA:184,0
DA:187,0
DA:188,0
DA:190,0
DA:191,0
DA:248,0
DA:252,0
DA:253,0
DA:352,0
DA:362,0
DA:363,0
DA:383,0
DA:384,0
DA:392,0
DA:393,0
DA:437,0
DA:463,0
DA:465,0
DA:490,0
DA:491,0
DA:492,0
DA:700,0
DA:701,0
DA:702,0
DA:874,0
DA:883,0
DA:884,0
DA:1064,0
DA:1065,0
DA:1066,0
DA:1092,0
DA:1093,0
DA:1094,0
DA:1096,0
DA:1098,0
DA:1183,0
DA:1187,0
DA:1188,0
DA:1223,0
DA:1224,0
DA:1225,0
DA:1226,0
DA:1227,0
LF:55
LH:0
end_of_record
TN:
SF:/usr/include/gtest/gtest.h
FNL:0,1374,1380
FNA:0,0,_ZN7testing8internal18CmpHelperEQFailureIA2_cNSt7__cxx1112basic_stringIcSt11char_traitsIcESaIcEEEEENS_15AssertionResultEPKcSB_RKT_RKT0_
FNA:0,0,_ZN7testing8internal18CmpHelperEQFailureINSt7__cxx1112basic_stringIcSt11char_traitsIcESaIcEEEA2_cEENS_15AssertionResultEPKcSB_RKT_RKT0_
FNA:0,0,_ZN7testing8internal18CmpHelperEQFailureINSt7__cxx1112basic_stringIcSt11char_traitsIcESaIcEEEA6_cEENS_15AssertionResultEPKcSB_RKT_RKT0_
FNA:0,0,_ZN7testing8internal18CmpHelperEQFailureINSt7__cxx1112basic_stringIcSt11char_traitsIcESaIcEEEA7_cEENS_15AssertionResultEPKcSB_RKT_RKT0_
FNA:0,0,_ZN7testing8internal18CmpHelperEQFailureISt6vectorINSt7__cxx1112basic_stringIcSt11char_traitsIcESaIcEEESaIS8_EESA_EENS_15AssertionResultEPKcSD_RKT_RKT0_
FNA:0,0,_ZN7testing8internal18CmpHelperEQFailureIiiEENS_15AssertionResultEPKcS4_RKT_RKT0_
FNA:0,0,_ZN7testing8internal18CmpHelperEQFailureIimEENS_15AssertionResultEPKcS4_RKT_RKT0_
FNA:0,0,_ZN7testing8internal18CmpHelperEQFailureImiEENS_15AssertionResultEPKcS4_RKT_RKT0_
FNL:1,1391,1399
FNA:1,9,_ZN7testing8internal11CmpHelperEQIA2_cNSt7__cxx1112basic_stringIcSt11char_traitsIcESaIcEEEEENS_15AssertionResultEPKcSB_RKT_RKT0_
FNA:1,2,_ZN7testing8internal11CmpHelperEQINSt7__cxx1112basic_stringIcSt11char_traitsIcESaIcEEEA2_cEENS_15AssertionResultEPKcSB_RKT_RKT0_
FNA:1,2,_ZN7testing8internal11CmpHelperEQINSt7__cxx1112basic_stringIcSt11char_traitsIcESaIcEEEA6_cEENS_15AssertionResultEPKcSB_RKT_RKT0_
FNA:1,2,_ZN7testing8internal11CmpHelperEQINSt7__cxx1112basic_stringIcSt11char_traitsIcESaIcEEEA7_cEENS_15AssertionResultEPKcSB_RKT_RKT0_
FNA:1,6,_ZN7testing8internal11CmpHelperEQISt6vectorINSt7__cxx1112basic_stringIcSt11char_traitsIcESaIcEEESaIS8_EESA_EENS_15AssertionResultEPKcSD_RKT_RKT0_
FNA:1,21,_ZN7testing8internal11CmpHelperEQIiiEENS_15AssertionResultEPKcS4_RKT_RKT0_
FNA:1,6,_ZN7testing8internal11CmpHelperEQIimEENS_15AssertionResultEPKcS4_RKT_RKT0_
FNA:1,6,_ZN7testing8internal11CmpHelperEQImiEENS_15AssertionResultEPKcS4_RKT_RKT0_
FNL:2,1410,1414
FNA:2,9,_ZN7testing8internal8EqHelper7CompareIA2_cNSt7__cxx1112basic_stringIcSt11char_traitsIcESaIcEEELPv0EEENS_15AssertionResultEPKcSD_RKT_RKT0_
FNA:2,2,_ZN7testing8internal8EqHelper7CompareINSt7__cxx1112basic_stringIcSt11char_traitsIcESaIcEEEA2_cLPv0EEENS_15AssertionResultEPKcSD_RKT_RKT0_
FNA:2,2,_ZN7testing8internal8EqHelper7CompareINSt7__cxx1112basic_stringIcSt11char_traitsIcESaIcEEEA6_cLPv0EEENS_15AssertionResultEPKcSD_RKT_RKT0_
FNA:2,2,_ZN7testing8internal8EqHelper7CompareINSt7__cxx1112basic_stringIcSt11char_traitsIcESaIcEEEA7_cLPv0EEENS_15AssertionResultEPKcSD_RKT_RKT0_
FNA:2,6,_ZN7testing8internal8EqHelper7CompareISt6vectorINSt7__cxx1112basic_stringIcSt11char_traitsIcESaIcEEESaIS9_EESB_LPv0EEENS_15AssertionResultEPKcSF_RKT_RKT0_
FNA:2,21,_ZN7testing8internal8EqHelper7CompareIiiLPv0EEENS_15AssertionResultEPKcS6_RKT_RKT0_
FNA:2,6,_ZN7testing8internal8EqHelper7CompareIimLPv0EEENS_15AssertionResultEPKcS6_RKT_RKT0_
FNA:2,6,_ZN7testing8internal8EqHelper7CompareImiLPv0EEENS_15AssertionResultEPKcS6_RKT_RKT0_
FNL:3,1443,1450
FNA:3,0,_ZN7testing8internal18CmpHelperOpFailureIiiEENS_15AssertionResultEPKcS4_RKT_RKT0_S4_
FNL:4,1472,1472
FNA:4,9,_ZN7testing8internal11CmpHelperNEIiiEENS_15AssertionResultEPKcS4_RKT_RKT0_
FNL:5,2334,2334
FNA:5,5,_Z13RUN_ALL_TESTSv
FNL:6,255,255
FNA:6,0,_ZN7testing4Test14SetUpTestSuiteEv
FNL:7,263,263
FNA:7,0,_ZN7testing4Test17TearDownTestSuiteEv
FNL:8,268,268
FNA:8,0,_ZN7testing4Test16TearDownTestCaseEv
FNL:9,269,269
FNA:9,0,_ZN7testing4Test13SetUpTestCaseEv
FNL:10,356,356
FNA:10,0,_ZN7testing4Test5SetupEv
FNF:11
FNH:4
DA:255,0
DA:263,0
DA:268,0
DA:269,0
DA:356,0
DA:1374,0
DA:1378,0
DA:1379,0
DA:1391,54
DA:1394,54
DA:1395,54
DA:1398,0
DA:1410,54
DA:1413,54
DA:1443,0
DA:1446,0
DA:1447,0
DA:1448,0
DA:1449,0
DA:1472,9
DA:2334,5
LF:21
LH:7
end_of_record
TN:
SF:/usr/include/gtest/internal/gtest-internal.h
FNL:0,410,416
FNA:0,14,_ZN7testing8internal9GetTypeIdI15BridgeWordsTestEEPKvv
FNA:0,18,_ZN7testing8internal9GetTypeIdI16ShortestPathTestEEPKvv
FNL:1,429,429
FNA:1,0,_ZN7testing8internal15TestFactoryBaseD0Ev
FNA:1,32,_ZN7testing8internal15TestFactoryBaseD2Ev
FNL:2,436,436
FNA:2,32,_ZN7testing8internal15TestFactoryBaseC2Ev
FNL:3,448,448
FNA:3,3,_ZN7testing8internal15TestFactoryImplI30ShortestPathTest_SameNode_TestE10CreateTestEv
FNA:3,2,_ZN7testing8internal15TestFactoryImplI31BridgeWordsTest_EmptyGraph_TestE10CreateTestEv
FNA:3,3,_ZN7testing8internal15TestFactoryImplI34ShortestPathTest_ExistingPath_TestE10CreateTestEv
FNA:3,3,_ZN7testing8internal15TestFactoryImplI34ShortestPathTest_NoPathExists_TestE10CreateTestEv
FNA:3,2,_ZN7testing8internal15TestFactoryImplI35BridgeWordsTest_WordNotInGraph_TestE10CreateTestEv
FNA:3,3,_ZN7testing8internal15TestFactoryImplI35ShortestPathTest_CycleHandling_TestE10CreateTestEv
FNA:3,3,_ZN7testing8internal15TestFactoryImplI36ShortestPathTest_NodeNotInGraph_TestE10CreateTestEv
FNA:3,2,_ZN7testing8internal15TestFactoryImplI37BridgeWordsTest_EdgeWeightImpact_TestE10CreateTestEv
FNA:3,2,_ZN7testing8internal15TestFactoryImplI39BridgeWordsTest_CyclicGraphBridges_TestE10CreateTestEv
FNA:3,3,_ZN7testing8internal15TestFactoryImplI40ShortestPathTest_MultiplePathsExist_TestE10CreateTestEv
FNA:3,2,_ZN7testing8internal15TestFactoryImplI41BridgeWordsTest_SameWordNoDirectLoop_TestE10CreateTestEv
FNA:3,2,_ZN7testing8internal15TestFactoryImplI46BridgeWordsTest_SimpleGraphExistingBridge_TestE10CreateTestEv
FNA:3,2,_ZN7testing8internal15TestFactoryImplI49BridgeWordsTest_SimpleGraphNonExistingBridge_TestE10CreateTestEv
FNL:4,469,470
FNA:4,32,_ZN7testing8internal12CodeLocationC2ENSt7__cxx1112basic_stringIcSt11char_traitsIcESaIcEEEi
FNL:5,482,485
FNA:5,128,_ZN7testing8internal19GetNotDefaultOrNullEPFvvES2_
FNL:6,497,516
FNA:6,14,_ZN7testing8internal16SuiteApiResolverI15BridgeWordsTestE19GetSetUpCaseOrSuiteEPKci
FNA:6,18,_ZN7testing8internal16SuiteApiResolverI16ShortestPathTestE19GetSetUpCaseOrSuiteEPKci
FNL:7,518,537
FNA:7,14,_ZN7testing8internal16SuiteApiResolverI15BridgeWordsTestE22GetTearDownCaseOrSuiteEPKci
FNA:7,18,_ZN7testing8internal16SuiteApiResolverI16ShortestPathTestE22GetTearDownCaseOrSuiteEPKci
FNF:8
FNH:8
DA:410,32
DA:415,32
DA:429,32
DA:436,32
DA:448,64
DA:469,32
DA:470,64
DA:482,128
DA:484,128
DA:497,32
DA:501,32
DA:503,32
DA:505,32
DA:508,0
DA:510,32
DA:518,32
DA:522,32
DA:524,32
DA:526,32
DA:529,0
DA:531,32
LF:21
LH:19
end_of_record
TN:
SF:/usr/include/gtest/internal/gtest-port.h
FNL:0,1050,1050
FNA:0,0,_ZN7testing8internal8GTestLog9GetStreamEv
FNF:1
FNH:0
DA:1050,0
LF:1
LH:0
end_of_record
